"../../../Engine/Content/Functions/Engine_MaterialFunctions02/Utility/BlendAngleCorrectedNormals.uasset" 0
"../../../Engine/Content/Functions/MaterialLayerFunctions/MatLayerBlend_AO.uasset" 1
"../../../Engine/Content/Functions/MaterialLayerFunctions/MatLayerBlend_NormalBlend.uasset" 2
"../../../Engine/Content/Functions/MaterialLayerFunctions/MatLayerBlend_Simple.uasset" 3
"E:/UE4Projects/ProjectZ_4223/UE4_ProjectZ_422/Content/Animation/Player/AnimStarterPack/UE4_Mannequin/Materials/MaterialLayers/T_ML_Rubber_Blue_01_D.uasset" 4
"E:/UE4Projects/ProjectZ_4223/UE4_ProjectZ_422/Content/Animation/Player/AnimStarterPack/UE4_Mannequin/Materials/MaterialLayers/T_ML_Rubber_Blue_01_N.uasset" 5
"E:/UE4Projects/ProjectZ_4223/UE4_ProjectZ_422/Content/Animation/Player/AnimStarterPack/UE4_Mannequin/Materials/MaterialLayers/ML_GlossyBlack_Latex_UE4.uasset" 6
"E:/UE4Projects/ProjectZ_4223/UE4_ProjectZ_422/Content/Animation/Player/AnimStarterPack/UE4_Mannequin/Materials/MaterialLayers/ML_Plastic_Shiny_Beige.uasset" 7
"E:/UE4Projects/ProjectZ_4223/UE4_ProjectZ_422/Content/Animation/Player/AnimStarterPack/UE4_Mannequin/Textures/UE4_LOGO_CARD.uasset" 8
"E:/UE4Projects/ProjectZ_4223/UE4_ProjectZ_422/Content/Animation/Player/AnimStarterPack/UE4_Mannequin/Materials/MaterialLayers/ML_Plastic_Shiny_Beige_LOGO.uasset" 9
"E:/UE4Projects/ProjectZ_4223/UE4_ProjectZ_422/Content/Animation/Player/AnimStarterPack/UE4_Mannequin/Materials/MaterialLayers/T_ML_Aluminum01.uasset" 10
"E:/UE4Projects/ProjectZ_4223/UE4_ProjectZ_422/Content/Animation/Player/AnimStarterPack/UE4_Mannequin/Materials/MaterialLayers/T_ML_Aluminum01_N.uasset" 11
"E:/UE4Projects/ProjectZ_4223/UE4_ProjectZ_422/Content/Animation/Player/AnimStarterPack/UE4_Mannequin/Materials/MaterialLayers/ML_SoftMetal_UE4.uasset" 12
"E:/UE4Projects/ProjectZ_4223/UE4_ProjectZ_422/Content/Animation/Player/AnimStarterPack/UE4_Mannequin/Textures/UE4_Mannequin__normals.uasset" 13
"E:/UE4Projects/ProjectZ_4223/UE4_ProjectZ_422/Content/Animation/Player/AnimStarterPack/UE4_Mannequin/Textures/UE4_Mannequin_MAT_MASKA.uasset" 14
"E:/UE4Projects/ProjectZ_4223/UE4_ProjectZ_422/Content/Animation/Player/AnimStarterPack/UE4_Mannequin/Textures/UE4_Mannequin_occlusion_Mobile.uasset" 15
"E:/UE4Projects/ProjectZ_4223/UE4_ProjectZ_422/Content/Animation/Player/AnimStarterPack/UE4_Mannequin/Materials/M_UE4Man_Body.uasset" 16
"E:/UE4Projects/ProjectZ_4223/UE4_ProjectZ_422/Content/Animation/Player/AnimStarterPack/UE4_Mannequin/Textures/UE4Man_Logo_N.uasset" 17
"E:/UE4Projects/ProjectZ_4223/UE4_ProjectZ_422/Content/Animation/Player/AnimStarterPack/UE4_Mannequin/Materials/M_UE4Man_ChestLogo.uasset" 18
"E:/UE4Projects/ProjectZ_4223/UE4_ProjectZ_422/Content/Animation/Player/AnimStarterPack/UE4_Mannequin/Mesh/Physics_CharacterBody.uasset" 19
"E:/UE4Projects/ProjectZ_4223/UE4_ProjectZ_422/Content/Animation/Player/AnimStarterPack/UE4_Mannequin/Mesh/Physics_CharacterHead.uasset" 20
"E:/UE4Projects/ProjectZ_4223/UE4_ProjectZ_422/Content/Animation/Player/AnimStarterPack/UE4_Mannequin/Mesh/SK_Mannequin_PhysicsAsset.uasset" 21
"../../../Engine/Content/EngineMeshes/Humanoid.uasset" 22
"E:/UE4Projects/ProjectZ_4223/UE4_ProjectZ_422/Content/Animation/Player/AnimStarterPack/UE4_Mannequin/Mesh/UE4_Mannequin_Skeleton.uasset" 23
"E:/UE4Projects/ProjectZ_4223/UE4_ProjectZ_422/Content/Animation/Player/AnimStarterPack/UE4_Mannequin/Mesh/SK_Mannequin.uasset" 24
"E:/UE4Projects/ProjectZ_4223/UE4_ProjectZ_422/Content/GameData/Data/AmmoData.uasset" 25
"E:/UE4Projects/ProjectZ_4223/UE4_ProjectZ_422/Content/GameData/Data/DopingData.uasset" 26
"E:/UE4Projects/ProjectZ_4223/UE4_ProjectZ_422/Content/GameData/Data/ItemData.uasset" 27
"E:/UE4Projects/ProjectZ_4223/UE4_ProjectZ_422/Content/GameData/Data/ItemImageData.uasset" 28
"E:/UE4Projects/ProjectZ_4223/UE4_ProjectZ_422/Content/GameData/Data/RecoveryData.uasset" 29
"E:/UE4Projects/ProjectZ_4223/UE4_ProjectZ_422/Content/GameData/Data/ShopItemData.uasset" 30
"E:/UE4Projects/ProjectZ_4223/UE4_ProjectZ_422/Content/GameData/Data/SkeletalMeshData.uasset" 31
"E:/UE4Projects/ProjectZ_4223/UE4_ProjectZ_422/Content/GameData/Data/StaticMeshData.uasset" 32
"E:/UE4Projects/ProjectZ_4223/UE4_ProjectZ_422/Content/GameData/Data/Weapon_GreandeData.uasset" 33
"E:/UE4Projects/ProjectZ_4223/UE4_ProjectZ_422/Content/GameData/Data/Weapon_GunData.uasset" 34
"E:/UE4Projects/ProjectZ_4223/UE4_ProjectZ_422/Content/GameData/Data/WeaponData.uasset" 35
"E:/UE4Projects/ProjectZ_4223/UE4_ProjectZ_422/Content/Blueprint/Loading/UI_ZLoadingWidget.uasset" 36
"E:/UE4Projects/ProjectZ_4223/UE4_ProjectZ_422/Content/Blueprint/BP_ZGameInstance.uasset" 37
"../../../Engine/Content/EngineMaterials/BlendFunc_DefBase.uasset" 38
"../../../Engine/Content/EngineMaterials/BlendFunc_DefBlend.uasset" 39
"../../../Engine/Content/Functions/Engine_MaterialFunctions03/Blends/Blend_Overlay.uasset" 40
"E:/UE4Projects/ProjectZ_4223/UE4_ProjectZ_422/Content/FirstAidKit/Textures/syringe/T_syringe_albedo.uasset" 41
"E:/UE4Projects/ProjectZ_4223/UE4_ProjectZ_422/Content/FirstAidKit/Textures/syringe/T_syringe_ao.uasset" 42
"E:/UE4Projects/ProjectZ_4223/UE4_ProjectZ_422/Content/FirstAidKit/Textures/syringe/T_syringe_glass_mask.uasset" 43
"E:/UE4Projects/ProjectZ_4223/UE4_ProjectZ_422/Content/FirstAidKit/Textures/syringe/T_syringe_metallic.uasset" 44
"E:/UE4Projects/ProjectZ_4223/UE4_ProjectZ_422/Content/FirstAidKit/Textures/syringe/T_syringe_normal.uasset" 45
"E:/UE4Projects/ProjectZ_4223/UE4_ProjectZ_422/Content/FirstAidKit/Textures/syringe/T_syringe_roughness.uasset" 46
"E:/UE4Projects/ProjectZ_4223/UE4_ProjectZ_422/Content/FirstAidKit/Textures/syringe/T_syringe_specular.uasset" 47
"E:/UE4Projects/ProjectZ_4223/UE4_ProjectZ_422/Content/FirstAidKit/Materials/M_MasterMaterial.uasset" 48
"E:/UE4Projects/ProjectZ_4223/UE4_ProjectZ_422/Content/FirstAidKit/Textures/FirstAidPack/T_FirstAidPack_ao.uasset" 49
"E:/UE4Projects/ProjectZ_4223/UE4_ProjectZ_422/Content/FirstAidKit/Textures/FirstAidPack/T_FirstAidPack_normal.uasset" 50
"E:/UE4Projects/ProjectZ_4223/UE4_ProjectZ_422/Content/FirstAidKit/Textures/FirstAidPack/T_FirstAidPack_roughness.uasset" 51
"E:/UE4Projects/ProjectZ_4223/UE4_ProjectZ_422/Content/FirstAidKit/Textures/FirstAidPack/T_FirstAidPack_specular.uasset" 52
"E:/UE4Projects/ProjectZ_4223/UE4_ProjectZ_422/Content/FirstAidKit/Textures/FirstAidPack/T_FirstAidPackMil_albedo.uasset" 53
"E:/UE4Projects/ProjectZ_4223/UE4_ProjectZ_422/Content/FirstAidKit/Textures/syringe/T_syringe_glass_metalness.uasset" 54
"E:/UE4Projects/ProjectZ_4223/UE4_ProjectZ_422/Content/FirstAidKit/Materials/MI_FirstAidPackMil.uasset" 55
"E:/UE4Projects/ProjectZ_4223/UE4_ProjectZ_422/Content/FirstAidKit/Models/SM_FirstAidPackMilitary_x4.uasset" 56
"E:/UE4Projects/ProjectZ_4223/UE4_ProjectZ_422/Content/Blueprint/Game/Interactional/Pickup/BP_ZPickup.uasset" 57
"E:/UE4Projects/ProjectZ_4223/UE4_ProjectZ_422/Content/Character/Player/MilitaryCharSilver/Textures/T_Female_D.uasset" 58
"E:/UE4Projects/ProjectZ_4223/UE4_ProjectZ_422/Content/Character/Player/MilitaryCharSilver/Textures/T_Female_E.uasset" 59
"E:/UE4Projects/ProjectZ_4223/UE4_ProjectZ_422/Content/Character/Player/MilitaryCharSilver/Textures/T_Female_N.uasset" 60
"E:/UE4Projects/ProjectZ_4223/UE4_ProjectZ_422/Content/Character/Player/MilitaryCharSilver/Textures/T_FemaleColor_M.uasset" 61
"E:/UE4Projects/ProjectZ_4223/UE4_ProjectZ_422/Content/Character/Player/MilitaryCharSilver/Textures/T_FemaleRoughness_M.uasset" 62
"E:/UE4Projects/ProjectZ_4223/UE4_ProjectZ_422/Content/Character/Player/MilitaryCharSilver/Materials/M_CharacterMaster.uasset" 63
"E:/UE4Projects/ProjectZ_4223/UE4_ProjectZ_422/Content/Character/Player/MilitaryCharSilver/Materials/M_Female_Inst.uasset" 64
"E:/UE4Projects/ProjectZ_4223/UE4_ProjectZ_422/Content/Character/Player/MilitaryCharSilver/MW_Style1_PhysicsAsset.uasset" 65
"E:/UE4Projects/ProjectZ_4223/UE4_ProjectZ_422/Content/Character/Player/MilitaryCharSilver/MW_Style1_Female.uasset" 66
"E:/UE4Projects/ProjectZ_4223/UE4_ProjectZ_422/Content/Character/Player/MilitaryCharSilver/Textures/T_Male_D.uasset" 67
"E:/UE4Projects/ProjectZ_4223/UE4_ProjectZ_422/Content/Character/Player/MilitaryCharSilver/Textures/T_Male_E.uasset" 68
"E:/UE4Projects/ProjectZ_4223/UE4_ProjectZ_422/Content/Character/Player/MilitaryCharSilver/Textures/T_Male_N.uasset" 69
"E:/UE4Projects/ProjectZ_4223/UE4_ProjectZ_422/Content/Character/Player/MilitaryCharSilver/Textures/T_MaleColor_M.uasset" 70
"E:/UE4Projects/ProjectZ_4223/UE4_ProjectZ_422/Content/Character/Player/MilitaryCharSilver/Textures/T_MaleRoughness_M.uasset" 71
"E:/UE4Projects/ProjectZ_4223/UE4_ProjectZ_422/Content/Character/Player/MilitaryCharSilver/Materials/M_Male_Inst.uasset" 72
"E:/UE4Projects/ProjectZ_4223/UE4_ProjectZ_422/Content/Character/Player/MilitaryCharSilver/MW_Style1_Male.uasset" 73
"E:/UE4Projects/ProjectZ_4223/UE4_ProjectZ_422/Content/FirstAidKit/Textures/bondage/T_Bondage_albedo.uasset" 74
"E:/UE4Projects/ProjectZ_4223/UE4_ProjectZ_422/Content/FirstAidKit/Textures/bondage/T_Bondage_ao.uasset" 75
"E:/UE4Projects/ProjectZ_4223/UE4_ProjectZ_422/Content/FirstAidKit/Textures/bondage/T_Bondage_normal.uasset" 76
"E:/UE4Projects/ProjectZ_4223/UE4_ProjectZ_422/Content/FirstAidKit/Textures/bondage/T_Bondage_roughness.uasset" 77
"E:/UE4Projects/ProjectZ_4223/UE4_ProjectZ_422/Content/FirstAidKit/Textures/bondage/T_Bondage_specular.uasset" 78
"E:/UE4Projects/ProjectZ_4223/UE4_ProjectZ_422/Content/FirstAidKit/Materials/MI_bondage.uasset" 79
"E:/UE4Projects/ProjectZ_4223/UE4_ProjectZ_422/Content/FirstAidKit/Models/SM_emergencyBangadeBig_x4.uasset" 80
"E:/UE4Projects/ProjectZ_4223/UE4_ProjectZ_422/Content/FirstAidKit/Textures/Pills/T_Pills_normal.uasset" 81
"E:/UE4Projects/ProjectZ_4223/UE4_ProjectZ_422/Content/FirstAidKit/Materials/M_PillsJarGlass.uasset" 82
"E:/UE4Projects/ProjectZ_4223/UE4_ProjectZ_422/Content/FirstAidKit/Textures/Pills/T_Pills_albedo.uasset" 83
"E:/UE4Projects/ProjectZ_4223/UE4_ProjectZ_422/Content/FirstAidKit/Textures/Pills/T_Pills_ao.uasset" 84
"E:/UE4Projects/ProjectZ_4223/UE4_ProjectZ_422/Content/FirstAidKit/Textures/Pills/T_Pills_roughness.uasset" 85
"E:/UE4Projects/ProjectZ_4223/UE4_ProjectZ_422/Content/FirstAidKit/Textures/Pills/T_Pills_specular.uasset" 86
"E:/UE4Projects/ProjectZ_4223/UE4_ProjectZ_422/Content/FirstAidKit/Materials/MI_Pills.uasset" 87
"E:/UE4Projects/ProjectZ_4223/UE4_ProjectZ_422/Content/FirstAidKit/Models/SM_pillsJar_x4.uasset" 88
"E:/UE4Projects/ProjectZ_4223/UE4_ProjectZ_422/Content/GameData/ItemImage/Ammo/T_12Gauge_128x128.uasset" 89
"E:/UE4Projects/ProjectZ_4223/UE4_ProjectZ_422/Content/GameData/ItemImage/Ammo/T_556_128x128PNG.uasset" 90
"E:/UE4Projects/ProjectZ_4223/UE4_ProjectZ_422/Content/GameData/ItemImage/Ammo/T_762_128x128.uasset" 91
"E:/UE4Projects/ProjectZ_4223/UE4_ProjectZ_422/Content/GameData/ItemImage/Doping/T_Doping_128x128.uasset" 92
"E:/UE4Projects/ProjectZ_4223/UE4_ProjectZ_422/Content/GameData/ItemImage/Icon/T_Icon_AK47.uasset" 93
"E:/UE4Projects/ProjectZ_4223/UE4_ProjectZ_422/Content/GameData/ItemImage/Icon/T_Icon_Grenade.uasset" 94
"E:/UE4Projects/ProjectZ_4223/UE4_ProjectZ_422/Content/GameData/ItemImage/Icon/T_Icon_Shotgun.uasset" 95
"E:/UE4Projects/ProjectZ_4223/UE4_ProjectZ_422/Content/GameData/ItemImage/Recovery/T_Bandage_128x128.uasset" 96
"E:/UE4Projects/ProjectZ_4223/UE4_ProjectZ_422/Content/GameData/ItemImage/Recovery/T_FirstAidKit_128x128.uasset" 97
"E:/UE4Projects/ProjectZ_4223/UE4_ProjectZ_422/Content/GameData/ItemImage/Weapon/T_Grenade_512x256.uasset" 98
"E:/UE4Projects/ProjectZ_4223/UE4_ProjectZ_422/Content/GameData/ItemImage/Weapon/T_M4A1_512x256.uasset" 99
"E:/UE4Projects/ProjectZ_4223/UE4_ProjectZ_422/Content/GameData/ItemImage/Weapon/T_Shotgun_512x256.uasset" 100
"E:/UE4Projects/ProjectZ_4223/UE4_ProjectZ_422/Content/Sound/Audio/Explosion01.uasset" 101
"E:/UE4Projects/ProjectZ_4223/UE4_ProjectZ_422/Content/Sound/Audio/Explosion02.uasset" 102
"E:/UE4Projects/ProjectZ_4223/UE4_ProjectZ_422/Content/Sound/Enemy/Zombie/Zombie_Vox_Attack_01.uasset" 103
"E:/UE4Projects/ProjectZ_4223/UE4_ProjectZ_422/Content/Sound/Enemy/Zombie/Zombie_Vox_Attack_02.uasset" 104
"E:/UE4Projects/ProjectZ_4223/UE4_ProjectZ_422/Content/Sound/Enemy/Zombie/Zombie_Vox_Attack_03.uasset" 105
"E:/UE4Projects/ProjectZ_4223/UE4_ProjectZ_422/Content/Sound/Enemy/Zombie/Zombie_Vox_Death_01.uasset" 106
"E:/UE4Projects/ProjectZ_4223/UE4_ProjectZ_422/Content/Sound/Enemy/Zombie/Zombie_Vox_Death_02.uasset" 107
"E:/UE4Projects/ProjectZ_4223/UE4_ProjectZ_422/Content/Sound/Enemy/Zombie/Zombie_Vox_Death_03.uasset" 108
"E:/UE4Projects/ProjectZ_4223/UE4_ProjectZ_422/Content/Sound/Enemy/Zombie/Zombie_Vox_Detect_02.uasset" 109
"E:/UE4Projects/ProjectZ_4223/UE4_ProjectZ_422/Content/Sound/Enemy/Zombie/Zombie_Vox_Detect_03.uasset" 110
"E:/UE4Projects/ProjectZ_4223/UE4_ProjectZ_422/Content/Sound/Enemy/Zombie/Zombie_Vox_Detect_04.uasset" 111
"E:/UE4Projects/ProjectZ_4223/UE4_ProjectZ_422/Content/Sound/Footsteps/Footstep01.uasset" 112
"E:/UE4Projects/ProjectZ_4223/UE4_ProjectZ_422/Content/Sound/Footsteps/Footstep02.uasset" 113
"E:/UE4Projects/ProjectZ_4223/UE4_ProjectZ_422/Content/Sound/Footsteps/Footstep03.uasset" 114
"E:/UE4Projects/ProjectZ_4223/UE4_ProjectZ_422/Content/Sound/Footsteps/Footstep04.uasset" 115
"E:/UE4Projects/ProjectZ_4223/UE4_ProjectZ_422/Content/Sound/Footsteps/Footstep05.uasset" 116
"E:/UE4Projects/ProjectZ_4223/UE4_ProjectZ_422/Content/Sound/Footsteps/Footstep06.uasset" 117
"E:/UE4Projects/ProjectZ_4223/UE4_ProjectZ_422/Content/Sound/Footsteps/Footstep07.uasset" 118
"E:/UE4Projects/ProjectZ_4223/UE4_ProjectZ_422/Content/Sound/Footsteps/Footstep08.uasset" 119
"E:/UE4Projects/ProjectZ_4223/UE4_ProjectZ_422/Content/Sound/Footsteps/Footstep09.uasset" 120
"E:/UE4Projects/ProjectZ_4223/UE4_ProjectZ_422/Content/Sound/Player/Player_Death_01.uasset" 121
"E:/UE4Projects/ProjectZ_4223/UE4_ProjectZ_422/Content/Sound/Player/Player_Death_02.uasset" 122
"E:/UE4Projects/ProjectZ_4223/UE4_ProjectZ_422/Content/Sound/Player/Player_Death_03.uasset" 123
"E:/UE4Projects/ProjectZ_4223/UE4_ProjectZ_422/Content/Sound/Player/Player_Death_04.uasset" 124
"E:/UE4Projects/ProjectZ_4223/UE4_ProjectZ_422/Content/Sound/Player/Player_Death_05.uasset" 125
"E:/UE4Projects/ProjectZ_4223/UE4_ProjectZ_422/Content/Sound/Player/Player_Death_06.uasset" 126
"E:/UE4Projects/ProjectZ_4223/UE4_ProjectZ_422/Content/Sound/Player/Player_GetHit_01.uasset" 127
"E:/UE4Projects/ProjectZ_4223/UE4_ProjectZ_422/Content/Sound/Player/Player_GetHit_02.uasset" 128
"E:/UE4Projects/ProjectZ_4223/UE4_ProjectZ_422/Content/Sound/Player/Player_GetHit_03.uasset" 129
"E:/UE4Projects/ProjectZ_4223/UE4_ProjectZ_422/Content/Sound/Player/Player_GetHit_04.uasset" 130
"E:/UE4Projects/ProjectZ_4223/UE4_ProjectZ_422/Content/Sound/Player/Player_GetHit_05.uasset" 131
"E:/UE4Projects/ProjectZ_4223/UE4_ProjectZ_422/Content/Sound/Player/Player_GetHit_06.uasset" 132
"E:/UE4Projects/ProjectZ_4223/UE4_ProjectZ_422/Content/Sound/Player/Player_GetHit_07.uasset" 133
"E:/UE4Projects/ProjectZ_4223/UE4_ProjectZ_422/Content/Sound/Player/Player_GetHit_08.uasset" 134
"E:/UE4Projects/ProjectZ_4223/UE4_ProjectZ_422/Content/Sound/Player/Player_GetHit_09.uasset" 135
"E:/UE4Projects/ProjectZ_4223/UE4_ProjectZ_422/Content/UI/Texture/T_ProjectZ_Main.uasset" 136
"E:/UE4Projects/ProjectZ_4223/UE4_ProjectZ_422/Content/UI/Texture/T_ProjectZ_Main_blood.uasset" 137
"E:/UE4Projects/ProjectZ_4223/UE4_ProjectZ_422/Content/Weapon/FPSWeaponPackVol3/Weapons/Textures/Patterns/T_Stripes__Pattern.uasset" 138
"E:/UE4Projects/ProjectZ_4223/UE4_ProjectZ_422/Content/Weapon/FPSWeaponPackVol3/Weapons/Textures/PM/T_PM_ALB.uasset" 139
"E:/UE4Projects/ProjectZ_4223/UE4_ProjectZ_422/Content/Weapon/FPSWeaponPackVol3/Weapons/Textures/PM/T_PM_M_MSK.uasset" 140
"E:/UE4Projects/ProjectZ_4223/UE4_ProjectZ_422/Content/Weapon/FPSWeaponPackVol3/Weapons/Textures/PM/T_PM_NRM.uasset" 141
"E:/UE4Projects/ProjectZ_4223/UE4_ProjectZ_422/Content/Weapon/FPSWeaponPackVol3/Weapons/Materials/Master_Material/M_Weapon_Master.uasset" 142
"E:/UE4Projects/ProjectZ_4223/UE4_ProjectZ_422/Content/Weapon/FPSWeaponPackVol3/Weapons/Textures/Ammunition/T_12Gauge_ALB.uasset" 143
"E:/UE4Projects/ProjectZ_4223/UE4_ProjectZ_422/Content/Weapon/FPSWeaponPackVol3/Weapons/Textures/Ammunition/T_12Gauge_M_MSK.uasset" 144
"E:/UE4Projects/ProjectZ_4223/UE4_ProjectZ_422/Content/Weapon/FPSWeaponPackVol3/Weapons/Textures/Ammunition/T_12Gauge_NRM.uasset" 145
"E:/UE4Projects/ProjectZ_4223/UE4_ProjectZ_422/Content/Weapon/FPSWeaponPackVol3/Weapons/Materials/Ammunition/M_Ammo_12gauge.uasset" 146
"E:/UE4Projects/ProjectZ_4223/UE4_ProjectZ_422/Content/Weapon/FPSWeaponPackVol3/Weapons/Textures/ITHAKI37/T_ITHAKI37_ALB.uasset" 147
"E:/UE4Projects/ProjectZ_4223/UE4_ProjectZ_422/Content/Weapon/FPSWeaponPackVol3/Weapons/Textures/ITHAKI37/T_ITHAKI37_M_MSK.uasset" 148
"E:/UE4Projects/ProjectZ_4223/UE4_ProjectZ_422/Content/Weapon/FPSWeaponPackVol3/Weapons/Textures/ITHAKI37/T_ITHAKI37_NRM.uasset" 149
"E:/UE4Projects/ProjectZ_4223/UE4_ProjectZ_422/Content/Weapon/FPSWeaponPackVol3/Weapons/Materials/ITHAKI37/M_ITHAKI37.uasset" 150
"E:/UE4Projects/ProjectZ_4223/UE4_ProjectZ_422/Content/Weapon/FPSWeaponPackVol3/Weapons/Meshes/ITHAKI37/SK_ITHAKI37_Y_Physics.uasset" 151
"E:/UE4Projects/ProjectZ_4223/UE4_ProjectZ_422/Content/Weapon/FPSWeaponPackVol3/Weapons/Meshes/ITHAKI37/SK_ITHAKI37_Y_Skeleton.uasset" 152
"E:/UE4Projects/ProjectZ_4223/UE4_ProjectZ_422/Content/Weapon/FPSWeaponPackVol3/Weapons/Meshes/ITHAKI37/SK_ITHAKI37_Y.uasset" 153
"E:/UE4Projects/ProjectZ_4223/UE4_ProjectZ_422/Content/Weapon/FPSWeaponPackVol3/Weapons/Meshes/ITHAKI37/SM_ITHAKI37_Y.uasset" 154
"E:/UE4Projects/ProjectZ_4223/UE4_ProjectZ_422/Content/Weapon/FPS_Weapon_Bundle/Weapons/Textures/KA74U/T_KA74U_ALB.uasset" 155
"E:/UE4Projects/ProjectZ_4223/UE4_ProjectZ_422/Content/Weapon/FPS_Weapon_Bundle/Weapons/Textures/KA74U/T_KA74U_M_MSK.uasset" 156
"E:/UE4Projects/ProjectZ_4223/UE4_ProjectZ_422/Content/Weapon/FPS_Weapon_Bundle/Weapons/Textures/KA74U/T_KA74U_NRM.uasset" 157
"E:/UE4Projects/ProjectZ_4223/UE4_ProjectZ_422/Content/Weapon/FPS_Weapon_Bundle/Weapons/Textures/Patterns/T_Stripes__Pattern.uasset" 158
"E:/UE4Projects/ProjectZ_4223/UE4_ProjectZ_422/Content/Weapon/FPS_Weapon_Bundle/Weapons/Materials/Master_Material/M_Weapon_Master_USE.uasset" 159
"E:/UE4Projects/ProjectZ_4223/UE4_ProjectZ_422/Content/Weapon/FPS_Weapon_Bundle/Weapons/Textures/Ammunition/T_12Gauge_ALB.uasset" 160
"E:/UE4Projects/ProjectZ_4223/UE4_ProjectZ_422/Content/Weapon/FPS_Weapon_Bundle/Weapons/Textures/Ammunition/T_12Gauge_M_MSK.uasset" 161
"E:/UE4Projects/ProjectZ_4223/UE4_ProjectZ_422/Content/Weapon/FPS_Weapon_Bundle/Weapons/Textures/Ammunition/T_12Gauge_NRM.uasset" 162
"E:/UE4Projects/ProjectZ_4223/UE4_ProjectZ_422/Content/Weapon/FPS_Weapon_Bundle/Weapons/Materials/Ammunition/M_Ammo_12gauge.uasset" 163
"E:/UE4Projects/ProjectZ_4223/UE4_ProjectZ_422/Content/Weapon/FPS_Weapon_Bundle/Weapons/Meshes/Ammunition/SM_Shell_12Gaugex4.uasset" 164
"E:/UE4Projects/ProjectZ_4223/UE4_ProjectZ_422/Content/Weapon/FPS_Weapon_Bundle/Weapons/Textures/Ammunition/T_762x39_ALB.uasset" 165
"E:/UE4Projects/ProjectZ_4223/UE4_ProjectZ_422/Content/Weapon/FPS_Weapon_Bundle/Weapons/Textures/Ammunition/T_762x39_M_MSK.uasset" 166
"E:/UE4Projects/ProjectZ_4223/UE4_ProjectZ_422/Content/Weapon/FPS_Weapon_Bundle/Weapons/Textures/Ammunition/T_762x39_NRM.uasset" 167
"E:/UE4Projects/ProjectZ_4223/UE4_ProjectZ_422/Content/Weapon/FPS_Weapon_Bundle/Weapons/Materials/Ammunition/M_762x39_Empty.uasset" 168
"E:/UE4Projects/ProjectZ_4223/UE4_ProjectZ_422/Content/Weapon/FPS_Weapon_Bundle/Weapons/Meshes/Ammunition/SM_Shell_556x45x4.uasset" 169
"E:/UE4Projects/ProjectZ_4223/UE4_ProjectZ_422/Content/Weapon/FPS_Weapon_Bundle/Weapons/Meshes/Ammunition/SM_Shell_762x51x4.uasset" 170
"E:/UE4Projects/ProjectZ_4223/UE4_ProjectZ_422/Content/Weapon/FPS_Weapon_Bundle/Weapons/Textures/AR4/T_AR4_ALB.uasset" 171
"E:/UE4Projects/ProjectZ_4223/UE4_ProjectZ_422/Content/Weapon/FPS_Weapon_Bundle/Weapons/Textures/AR4/T_AR4_M_MSK.uasset" 172
"E:/UE4Projects/ProjectZ_4223/UE4_ProjectZ_422/Content/Weapon/FPS_Weapon_Bundle/Weapons/Textures/AR4/T_AR4_NRM.uasset" 173
"E:/UE4Projects/ProjectZ_4223/UE4_ProjectZ_422/Content/Weapon/FPS_Weapon_Bundle/Weapons/Materials/AR4/M_AR4.uasset" 174
"E:/UE4Projects/ProjectZ_4223/UE4_ProjectZ_422/Content/Weapon/FPS_Weapon_Bundle/Weapons/Meshes/AR4/SK_AR4_Physics.uasset" 175
"E:/UE4Projects/ProjectZ_4223/UE4_ProjectZ_422/Content/Weapon/FPS_Weapon_Bundle/Weapons/Meshes/AR4/SK_AR4_Skeleton.uasset" 176
"E:/UE4Projects/ProjectZ_4223/UE4_ProjectZ_422/Content/Weapon/FPS_Weapon_Bundle/Weapons/Meshes/AR4/SK_AR4.uasset" 177
"E:/UE4Projects/ProjectZ_4223/UE4_ProjectZ_422/Content/Weapon/FPS_Weapon_Bundle/Weapons/Meshes/AR4/SM_AR4.uasset" 178
"E:/UE4Projects/ProjectZ_4223/UE4_ProjectZ_422/Content/Weapon/FPS_Weapon_Bundle/Weapons/Textures/G67_Grenade/T_G67_ALB.uasset" 179
"E:/UE4Projects/ProjectZ_4223/UE4_ProjectZ_422/Content/Weapon/FPS_Weapon_Bundle/Weapons/Textures/G67_Grenade/T_G67_M_MSK.uasset" 180
"E:/UE4Projects/ProjectZ_4223/UE4_ProjectZ_422/Content/Weapon/FPS_Weapon_Bundle/Weapons/Textures/G67_Grenade/T_G67_NRM.uasset" 181
"E:/UE4Projects/ProjectZ_4223/UE4_ProjectZ_422/Content/Weapon/FPS_Weapon_Bundle/Weapons/Materials/G67_Grenade/M_G67.uasset" 182
"E:/UE4Projects/ProjectZ_4223/UE4_ProjectZ_422/Content/Weapon/FPS_Weapon_Bundle/Weapons/Meshes/G67_Grenade/SK_G67_Physics.uasset" 183
"E:/UE4Projects/ProjectZ_4223/UE4_ProjectZ_422/Content/Weapon/FPS_Weapon_Bundle/Weapons/Meshes/G67_Grenade/SK_G67_Skeleton.uasset" 184
"E:/UE4Projects/ProjectZ_4223/UE4_ProjectZ_422/Content/Weapon/FPS_Weapon_Bundle/Weapons/Meshes/G67_Grenade/SK_G67.uasset" 185
"E:/UE4Projects/ProjectZ_4223/UE4_ProjectZ_422/Content/Weapon/FPS_Weapon_Bundle/Weapons/Meshes/G67_Grenade/SM_G67.uasset" 186
"E:/UE4Projects/ProjectZ_4223/UE4_ProjectZ_422/Content/Weapon/FPS_Weapon_Bundle/Weapons/Textures/KA47/T_KA47_ALB.uasset" 187
"E:/UE4Projects/ProjectZ_4223/UE4_ProjectZ_422/Content/Weapon/FPS_Weapon_Bundle/Weapons/Textures/KA47/T_KA47_M_MSK.uasset" 188
"E:/UE4Projects/ProjectZ_4223/UE4_ProjectZ_422/Content/Weapon/FPS_Weapon_Bundle/Weapons/Textures/KA47/T_KA47_NRM.uasset" 189
"E:/UE4Projects/ProjectZ_4223/UE4_ProjectZ_422/Content/Weapon/FPS_Weapon_Bundle/Weapons/Materials/Ka47/M_KA47.uasset" 190
"E:/UE4Projects/ProjectZ_4223/UE4_ProjectZ_422/Content/Weapon/FPS_Weapon_Bundle/Weapons/Meshes/Ka47/SK_KA47_Physics.uasset" 191
"E:/UE4Projects/ProjectZ_4223/UE4_ProjectZ_422/Content/Weapon/FPS_Weapon_Bundle/Weapons/Meshes/Ka47/SK_KA47_Skeleton.uasset" 192
"E:/UE4Projects/ProjectZ_4223/UE4_ProjectZ_422/Content/Weapon/FPS_Weapon_Bundle/Weapons/Meshes/Ka47/SK_KA47.uasset" 193
"E:/UE4Projects/ProjectZ_4223/UE4_ProjectZ_422/Content/Weapon/FPS_Weapon_Bundle/Weapons/Meshes/Ka47/SM_KA47.uasset" 194
"../../../Engine/Content/Animation/DefaultAnimCurveCompressionSettings.uasset" 195
"../../../Engine/Content/Functions/Engine_MaterialFunctions01/Opacity/CameraDepthFade.uasset" 196
"../../../Engine/Content/EngineMaterials/T_Default_Material_Grid_M.uasset" 197
"../../../Engine/Content/EngineMaterials/T_Default_Material_Grid_N.uasset" 198
"../../../Engine/Content/EngineMaterials/WorldGridMaterial.uasset" 199
"../../../Engine/Content/ArtTools/RenderToTexture/Meshes/S_1_Unit_Plane.uasset" 200
"../../../Engine/Content/EngineMaterials/DefaultMaterial.uasset" 201
"../../../Engine/Content/BasicShapes/Cone.uasset" 202
"../../../Engine/Content/BasicShapes/Cylinder.uasset" 203
"../../../Engine/Content/BasicShapes/Plane.uasset" 204
"../../../Engine/Content/BasicShapes/Sphere.uasset" 205
"../../../Engine/Content/EditorLandscapeResources/DataLayer.uasset" 206
"../../../Engine/Content/EditorMaterials/GizmoMaterial.uasset" 207
"../../../Engine/Content/EditorMaterials/MAT_Groups_Toggle.uasset" 208
"../../../Engine/Content/EditorMaterials/MAT_Groups_Visibility.uasset" 209
"../../../Engine/Content/EditorMaterials/PreviewShadowIndicator.uasset" 210
"../../../Engine/Content/EditorMaterials/PreviewShadowIndicatorMaterial.uasset" 211
"../../../Engine/Content/EditorMaterials/MatineeGroups/MAT_ColorTrack.uasset" 212
"../../../Engine/Content/EditorMaterials/MatineeGroups/MAT_Groups_Anim.uasset" 213
"../../../Engine/Content/EditorMaterials/MatineeGroups/MAT_Groups_AudioMaster.uasset" 214
"../../../Engine/Content/EditorMaterials/MatineeGroups/MAT_Groups_Director.uasset" 215
"../../../Engine/Content/EditorMaterials/MatineeGroups/MAT_Groups_Event.uasset" 216
"../../../Engine/Content/EditorMaterials/MatineeGroups/MAT_Groups_Fade.uasset" 217
"../../../Engine/Content/EditorMaterials/MatineeGroups/MAT_Groups_Float.uasset" 218
"../../../Engine/Content/EditorMaterials/MatineeGroups/MAT_Groups_Move.uasset" 219
"../../../Engine/Content/EditorMaterials/MatineeGroups/MAT_Groups_Slomo.uasset" 220
"../../../Engine/Content/EditorMaterials/MatineeGroups/MAT_Groups_Sound.uasset" 221
"../../../Engine/Content/EditorMaterials/MatineeGroups/MAT_Groups_Vector.uasset" 222
"../../../Engine/Content/EditorMaterials/ParticleSystems/PSysThumbnail_NoImage.uasset" 223
"../../../Engine/Content/EditorMaterials/ParticleSystems/PSysThumbnail_OOD.uasset" 224
"../../../Engine/Content/EditorMaterials/Camera/CineMat.uasset" 225
"../../../Engine/Content/EditorMaterials/Camera/MI_CineMat_Rig.uasset" 226
"../../../Engine/Content/EditorMeshes/Camera/SM_CraneRig_Arm.uasset" 227
"../../../Engine/Content/EditorMeshes/Camera/SM_CraneRig_Base.uasset" 228
"../../../Engine/Content/EditorMeshes/Camera/SM_CraneRig_Body.uasset" 229
"../../../Engine/Content/EditorMeshes/Camera/SM_CraneRig_Mount.uasset" 230
"../../../Engine/Content/EditorMeshes/Camera/SM_RailRig_Mount.uasset" 231
"../../../Engine/Content/EditorMeshes/Camera/SM_RailRig_Track.uasset" 232
"../../../Engine/Content/EditorResources/BSPVertex.uasset" 233
"../../../Engine/Content/EditorResources/EmptyActor.uasset" 234
"../../../Engine/Content/EditorResources/S_Actor.uasset" 235
"../../../Engine/Content/EditorResources/S_Note.uasset" 236
"../../../Engine/Content/EditorResources/S_Trigger.uasset" 237
"../../../Engine/Content/EditorResources/LightIcons/S_LightError.uasset" 238
"../../../Engine/Content/EditorResources/SequenceRecorder/Countdown.uasset" 239
"../../../Engine/Content/EditorResources/SequenceRecorder/RecordingIndicator.uasset" 240
"../../../Engine/Content/EditorSounds/Notifications/CompileFailed.uasset" 241
"../../../Engine/Content/EditorSounds/Notifications/CompileFailed_Cue.uasset" 242
"../../../Engine/Content/EditorSounds/Notifications/CompileSuccess.uasset" 243
"../../../Engine/Content/EditorSounds/Notifications/CompileStart_Cue.uasset" 244
"../../../Engine/Content/EditorSounds/Notifications/CompileSuccess_Cue.uasset" 245
"../../../Engine/Content/EngineDamageTypes/DmgTypeBP_Environmental.uasset" 246
"../../../Engine/Content/EngineDebugMaterials/HeatmapGradient.uasset" 247
"../../../Engine/Content/EngineDebugMaterials/BoneWeightMaterial.uasset" 248
"../../../Engine/Content/EngineDebugMaterials/ClothMaterial.uasset" 249
"../../../Engine/Content/EngineDebugMaterials/ClothMaterial_WF.uasset" 250
"../../../Engine/Content/EngineDebugMaterials/DebugEditorMaterial.uasset" 251
"../../../Engine/Content/EngineDebugMaterials/DebugMeshMaterial.uasset" 252
"../../../Engine/Content/EngineDebugMaterials/GeomMaterial.uasset" 253
"../../../Engine/Content/EngineDebugMaterials/M_SimpleTranslucent.uasset" 254
"../../../Engine/Content/EngineFonts/Faces/RobotoBold.uasset" 255
"../../../Engine/Content/EngineFonts/Faces/RobotoBoldItalic.uasset" 256
"../../../Engine/Content/EngineFonts/Faces/RobotoItalic.uasset" 257
"../../../Engine/Content/EngineFonts/Faces/RobotoLight.uasset" 258
"../../../Engine/Content/EngineFonts/Faces/RobotoRegular.uasset" 259
"../../../Engine/Content/EngineFonts/Roboto.uasset" 260
"../../../Engine/Content/EngineFonts/Faces/RobotoTiny.uasset" 261
"../../../Engine/Content/EngineFonts/RobotoTiny.uasset" 262
"../../../Engine/Content/EngineMaterials/BaseFlattenDiffuseMap.uasset" 263
"../../../Engine/Content/EngineMaterials/BaseFlattenEmissiveMap.uasset" 264
"../../../Engine/Content/EngineMaterials/BaseFlattenGrayscaleMap.uasset" 265
"../../../Engine/Content/EngineMaterials/BaseFlattenNormalMap.uasset" 266
"../../../Engine/Content/EngineMaterials/BaseFlattenMaterial.uasset" 267
"../../../Engine/Content/EngineMaterials/DefaultBloomKernel.uasset" 268
"../../../Engine/Content/EngineMaterials/DefaultBokeh.uasset" 269
"../../../Engine/Content/EngineMaterials/DefaultDiffuse.uasset" 270
"../../../Engine/Content/EngineMaterials/DefaultDeferredDecalMaterial.uasset" 271
"../../../Engine/Content/EngineMaterials/DefaultLightFunctionMaterial.uasset" 272
"../../../Engine/Content/EngineMaterials/DefaultPhysicalMaterial.uasset" 273
"../../../Engine/Content/Functions/Engine_MaterialFunctions02/Utility/BreakOutFloat2Components.uasset" 274
"../../../Engine/Content/EngineMaterials/DefaultPostProcessMaterial.uasset" 275
"../../../Engine/Content/EngineFonts/RobotoDistanceField.uasset" 276
"../../../Engine/Content/EngineMaterials/DefaultTextMaterialOpaque.uasset" 277
"../../../Engine/Content/EngineMaterials/DefaultWhiteGrid.uasset" 278
"../../../Engine/Content/EngineMaterials/EditorBrushMaterial.uasset" 279
"../../../Engine/Content/EngineMaterials/MiniFont.uasset" 280
"../../../Engine/Content/EngineMaterials/InvalidLightmapSettings.uasset" 281
"../../../Engine/Content/EngineMaterials/M_InvalidLightmapSettings.uasset" 282
"../../../Engine/Content/Functions/Engine_MaterialFunctions02/WorldPositionOffset/CameraOffset.uasset" 283
"../../../Engine/Content/EngineMaterials/PhAT_JointLimitMaterial.uasset" 284
"../../../Engine/Content/EngineMaterials/PreintegratedSkinBRDF.uasset" 285
"../../../Engine/Content/EngineMaterials/RemoveSurfaceMaterial.uasset" 286
"../../../Engine/Content/EngineMaterials/WeightMapPlaceholderTexture.uasset" 287
"../../../Engine/Content/EngineResources/WhiteSquareTexture.uasset" 288
"../../../Engine/Content/EngineMaterials/Widget3DPassThrough.uasset" 289
"../../../Engine/Content/EngineMaterials/Widget3DPassThrough_Masked.uasset" 290
"../../../Engine/Content/EngineMaterials/Widget3DPassThrough_Opaque.uasset" 291
"../../../Engine/Content/EngineMaterials/Widget3DPassThrough_Masked_OneSided.uasset" 292
"../../../Engine/Content/EngineMaterials/Widget3DPassThrough_Opaque_OneSided.uasset" 293
"../../../Engine/Content/EngineMaterials/Widget3DPassThrough_Translucent.uasset" 294
"../../../Engine/Content/EngineMaterials/Widget3DPassThrough_Translucent_OneSided.uasset" 295
"../../../Engine/Content/EngineMeshes/Cylinder.uasset" 296
"../../../Engine/Content/EngineMeshes/Sphere.uasset" 297
"../../../Engine/Content/EngineResources/Black.uasset" 298
"../../../Engine/Content/EngineResources/DefaultTexture.uasset" 299
"../../../Engine/Content/EngineResources/DefaultTextureCube.uasset" 300
"../../../Engine/Content/EngineResources/DefaultVolumeTexture2D.uasset" 301
"../../../Engine/Content/EngineResources/DefaultVolumeTexture.uasset" 302
"../../../Engine/Content/EngineResources/GradientTexture0.uasset" 303
"../../../Engine/Content/Functions/Engine_MaterialFunctions01/Shading/ConvertFromDiffSpec.uasset" 304
"../../../Engine/Content/Functions/Engine_MaterialFunctions01/Shading/PowerToRoughness.uasset" 305
"../../../Engine/Content/Maps/Templates/Thumbnails/Default.uasset" 306
"../../../Engine/Content/Maps/Templates/Thumbnails/VR-Basic.uasset" 307
"../../../Engine/Content/MobileResources/T_MobileControls_texture.uasset" 308
"../../../Engine/Content/MobileResources/T_MobileMenu2.uasset" 309
"../../../Engine/Content/MobileResources/HUD/AnalogHat.uasset" 310
"../../../Engine/Content/MobileResources/HUD/VirtualJoystick_Background.uasset" 311
"../../../Engine/Content/MobileResources/HUD/VirtualJoystick_Thumb.uasset" 312
"../../../Engine/Content/MobileResources/HUD/DefaultVirtualJoysticks.uasset" 313
"../../../Engine/Content/MobileResources/HUD/LeftVirtualJoystickOnly.uasset" 314
"../../../Engine/Content/MobileResources/HUD/MobileHUDButton1_off.uasset" 315
"../../../Engine/Content/MobileResources/HUD/MobileHUDButton1_on.uasset" 316
"../../../Engine/Content/MobileResources/HUD/MobileHUDButton2_off.uasset" 317
"../../../Engine/Content/MobileResources/HUD/MobileHUDButton2_on.uasset" 318
"../../../Engine/Content/MobileResources/HUD/MobileHUDButton3.uasset" 319
"../../../Engine/Content/MobileResources/HUD/MobileHUDButtonFire.uasset" 320
"../../../Engine/Content/MobileResources/HUD/MobileHUDDirectionPad.uasset" 321
"../../../Engine/Content/MobileResources/HUD/MobileHUDDirectionPad2.uasset" 322
"../../../Engine/Content/MobileResources/HUD/MobileHUDDirectionPad3.uasset" 323
"../../../Engine/Content/MobileResources/HUD/MobileHUDDirectionStick.uasset" 324
"../../../Engine/Content/MobileResources/HUD/T_Castle_ThumbstickInner.uasset" 325
"../../../Engine/Content/MobileResources/HUD/T_Castle_ThumbstickOutter.uasset" 326
"../../../Engine/Content/Tutorial/ContentIntroCurve.uasset" 327
"../../../Engine/Content/Tutorial/Basics/LevelEditorAttract.uasset" 328
"../../../Engine/Content/VREditor/LaserPointer/VR_LaserPower_01.uasset" 329
"../../../Engine/Content/VREditor/TransformGizmo/TransformGizmoMaterial.uasset" 330
"../../../Engine/Content/VREditor/TransformGizmo/TranslucentTransformGizmoMaterial.uasset" 331
"../../../Engine/Content/VREditor/TransformGizmo/BoundingBoxCorner.uasset" 332
"../../../Engine/Content/VREditor/TransformGizmo/BoundingBoxEdge.uasset" 333
"../../../Engine/Content/VREditor/TransformGizmo/PlaneTranslationHandle.uasset" 334
"../../../Engine/Content/VREditor/TransformGizmo/Main.uasset" 335
"../../../Engine/Content/VREditor/TransformGizmo/Xray.uasset" 336
"../../../Engine/Content/VREditor/TransformGizmo/SM_Sequencer_Key.uasset" 337
"../../../Engine/Content/VREditor/TransformGizmo/SM_Sequencer_Node.uasset" 338
"../../Plugins/2D/Paper2D/Content/PlaceholderTextures/DummySpriteTexture.uasset" 339
"../../Plugins/2D/Paper2D/Content/DummySprite.uasset" 340
"../../Plugins/2D/Paper2D/Content/DefaultPaperTerrainMaterial.uasset" 341
"../../Plugins/2D/Paper2D/Content/DummySpriteTexture.uasset" 342
"../../Plugins/2D/Paper2D/Content/DefaultSpriteMaterial.uasset" 343
"../../Plugins/2D/Paper2D/Content/MaskedUnlitSpriteMaterial.uasset" 344
"../../Plugins/2D/Paper2D/Content/OpaqueUnlitSpriteMaterial.uasset" 345
"../../Plugins/Runtime/Oculus/OculusVR/Content/OculusMR_RenderTarget.uasset" 346
"../../../Engine/Content/Functions/Engine_MaterialFunctions02/Utility/BreakOutFloat4Components.uasset" 347
"../../../Engine/Content/Functions/Engine_MaterialFunctions02/Utility/MakeFloat2.uasset" 348
"../../../Engine/Content/Functions/Engine_MaterialFunctions02/Utility/MakeFloat3.uasset" 349
"../../Plugins/Runtime/Oculus/OculusVR/Content/Materials/OculusMR_ChromaKey.uasset" 350
"../../Plugins/Runtime/Oculus/OculusVR/Content/Materials/OculusMR_ChromaKey_Lit.uasset" 351
"../../Plugins/Runtime/Oculus/OculusVR/Content/Materials/OculusMR_OpaqueColoredMaterial.uasset" 352
"../../Plugins/Runtime/Oculus/OculusVR/Content/Materials/OculusMR_WhiteMaterial.uasset" 353
"../../Plugins/Runtime/Oculus/OculusVR/Content/Materials/PokeAHoleMaterial.uasset" 354
"../../Plugins/Runtime/Oculus/OculusVR/Content/Textures/GearVRController_AO.uasset" 355
"../../Plugins/Runtime/Oculus/OculusVR/Content/Textures/GearVRController_Color.uasset" 356
"../../Plugins/Runtime/Oculus/OculusVR/Content/Textures/GearVRController_Normal.uasset" 357
"../../Plugins/Runtime/Oculus/OculusVR/Content/Materials/GearVRControllerMaterial.uasset" 358
"../../Plugins/Runtime/Oculus/OculusVR/Content/Meshes/GearVrController.uasset" 359
"../../Plugins/Runtime/Oculus/OculusVR/Content/Textures/touchController_albedo.uasset" 360
"../../Plugins/Runtime/Oculus/OculusVR/Content/Textures/touchController_controlmap.uasset" 361
"../../Plugins/Runtime/Oculus/OculusVR/Content/Materials/touchController_mat.uasset" 362
"../../Plugins/Runtime/Oculus/OculusVR/Content/Meshes/LeftTouchController.uasset" 363
"../../Plugins/Runtime/Oculus/OculusVR/Content/Meshes/RiftHMD.uasset" 364
"../../Plugins/Runtime/Oculus/OculusVR/Content/Meshes/RightTouchController.uasset" 365
"../../../Engine/Content/EditorBlueprintResources/StandardMacros.uasset" 366
"../../../Engine/Content/EngineSky/C_Sky_Cloud_Color.uasset" 367
"../../../Engine/Content/EngineSky/C_Sky_Horizon_Color.uasset" 368
"../../../Engine/Content/EngineSky/C_Sky_Zenith_Color.uasset" 369
"../../../Engine/Content/EngineSky/T_Sky_Blue.uasset" 370
"../../../Engine/Content/EngineSky/T_Sky_Clouds_M.uasset" 371
"../../../Engine/Content/EngineSky/T_Sky_Stars.uasset" 372
"../../../Engine/Content/EngineSky/M_Sky_Panning_Clouds2.uasset" 373
"../../../Engine/Content/EngineSky/SM_SkySphere.uasset" 374
"../../../Engine/Content/EngineSky/BP_Sky_Sphere.uasset" 375
"E:/UE4Projects/ProjectZ_4223/UE4_ProjectZ_422/Content/Animation/Player/AnimStarterPack/Animations/Idle_Rifle_Hip.uasset" 376
"E:/UE4Projects/ProjectZ_4223/UE4_ProjectZ_422/Content/Animation/Player/AnimStarterPack/Animations/AimPose/Hip/Aim_Hip_Center.uasset" 377
"E:/UE4Projects/ProjectZ_4223/UE4_ProjectZ_422/Content/Animation/Player/AnimStarterPack/Animations/AimPose/Hip/Aim_Hip_Center_Down.uasset" 378
"E:/UE4Projects/ProjectZ_4223/UE4_ProjectZ_422/Content/Animation/Player/AnimStarterPack/Animations/AimPose/Hip/Aim_Hip_Center_Up.uasset" 379
"E:/UE4Projects/ProjectZ_4223/UE4_ProjectZ_422/Content/Animation/Player/AnimStarterPack/UE4_Mannequin/Mesh/ZCharacter_AimOffset1D.uasset" 380
"E:/UE4Projects/ProjectZ_4223/UE4_ProjectZ_422/Content/Animation/Player/AnimStarterPack/Animations/Idle_Rifle_Ironsights.uasset" 381
"E:/UE4Projects/ProjectZ_4223/UE4_ProjectZ_422/Content/Animation/Player/AnimStarterPack/Animations/AimPose/Ironsight/Aim_Ironsight_Center.uasset" 382
"E:/UE4Projects/ProjectZ_4223/UE4_ProjectZ_422/Content/Animation/Player/AnimStarterPack/Animations/AimPose/Ironsight/Aim_Ironsights_Center_Down.uasset" 383
"E:/UE4Projects/ProjectZ_4223/UE4_ProjectZ_422/Content/Animation/Player/AnimStarterPack/Animations/AimPose/Ironsight/Aim_Ironsights_Center_Up.uasset" 384
"E:/UE4Projects/ProjectZ_4223/UE4_ProjectZ_422/Content/Animation/Player/AnimStarterPack/UE4_Mannequin/Mesh/ZCharacter_Ironsight_AimOffset1D.uasset" 385
"E:/UE4Projects/ProjectZ_4223/UE4_ProjectZ_422/Content/Animation/Player/AnimStarterPack/Animations/Hit_React_1.uasset" 386
"E:/UE4Projects/ProjectZ_4223/UE4_ProjectZ_422/Content/Animation/Player/AnimStarterPack/Animations/Hit_React_1_Montage.uasset" 387
"E:/UE4Projects/ProjectZ_4223/UE4_ProjectZ_422/Content/Animation/Player/AnimStarterPack/Animations/Equip_Rifle_Standing.uasset" 388
"E:/UE4Projects/ProjectZ_4223/UE4_ProjectZ_422/Content/Animation/Player/AnimStarterPack/Animations/Montage/Equip_Rifle_Standing_Montage.uasset" 389
"E:/UE4Projects/ProjectZ_4223/UE4_ProjectZ_422/Content/Animation/Player/AnimStarterPack/Animations/Crouch_Idle_Rifle_Hip.uasset" 390
"E:/UE4Projects/ProjectZ_4223/UE4_ProjectZ_422/Content/Animation/Player/AnimStarterPack/Animations/Crouch_Idle_Rifle_Ironsights.uasset" 391
"E:/UE4Projects/ProjectZ_4223/UE4_ProjectZ_422/Content/Animation/Player/AnimStarterPack/Animations/Death_1.uasset" 392
"E:/UE4Projects/ProjectZ_4223/UE4_ProjectZ_422/Content/Animation/Player/AnimStarterPack/Animations/Hit_React_1_Addtive.uasset" 393
"E:/UE4Projects/ProjectZ_4223/UE4_ProjectZ_422/Content/Animation/Player/AnimStarterPack/Animations/Jump_From_Jog.uasset" 394
"E:/UE4Projects/ProjectZ_4223/UE4_ProjectZ_422/Content/Animation/Player/AnimStarterPack/Animations/Jump_From_Stand.uasset" 395
"E:/UE4Projects/ProjectZ_4223/UE4_ProjectZ_422/Content/Animation/Player/AnimStarterPack/Animations/Retarget/ZCharacter_Crouch_Idle_V2_IPC.uasset" 396
"E:/UE4Projects/ProjectZ_4223/UE4_ProjectZ_422/Content/Sound/Attenuation/Weapon_Att.uasset" 397
"E:/UE4Projects/ProjectZ_4223/UE4_ProjectZ_422/Content/Sound/Footsteps/Cue_Footstep.uasset" 398
"E:/UE4Projects/ProjectZ_4223/UE4_ProjectZ_422/Content/Animation/Player/AnimStarterPack/Animations/Retarget/ZCharacter_CrouchWalk_F_IPC.uasset" 399
"E:/UE4Projects/ProjectZ_4223/UE4_ProjectZ_422/Content/Animation/Player/AnimStarterPack/Animations/Retarget/ZCharacter_Stand_Relaxed_Idle_v2_IPC.uasset" 400
"E:/UE4Projects/ProjectZ_4223/UE4_ProjectZ_422/Content/Animation/Player/Mannequin/Animations/ThirdPersonIdle.uasset" 401
"E:/UE4Projects/ProjectZ_4223/UE4_ProjectZ_422/Content/Animation/Player/Mannequin/Animations/ThirdPersonJump_End.uasset" 402
"E:/UE4Projects/ProjectZ_4223/UE4_ProjectZ_422/Content/Animation/Player/Mannequin/Animations/ThirdPersonJump_Loop.uasset" 403
"E:/UE4Projects/ProjectZ_4223/UE4_ProjectZ_422/Content/Animation/Player/Mannequin/Animations/ThirdPersonJump_Start.uasset" 404
"E:/UE4Projects/ProjectZ_4223/UE4_ProjectZ_422/Content/Animation/Player/AnimStarterPack/Animations/Jog_Bwd_Rifle.uasset" 405
"E:/UE4Projects/ProjectZ_4223/UE4_ProjectZ_422/Content/Animation/Player/AnimStarterPack/Animations/Jog_Fwd_Rifle.uasset" 406
"E:/UE4Projects/ProjectZ_4223/UE4_ProjectZ_422/Content/Animation/Player/AnimStarterPack/Animations/Jog_Lt_Rifle.uasset" 407
"E:/UE4Projects/ProjectZ_4223/UE4_ProjectZ_422/Content/Animation/Player/AnimStarterPack/Animations/Jog_Rt_Rifle.uasset" 408
"E:/UE4Projects/ProjectZ_4223/UE4_ProjectZ_422/Content/Animation/Player/BlendSpace/ZCharacter_Jog_Weapon.uasset" 409
"E:/UE4Projects/ProjectZ_4223/UE4_ProjectZ_422/Content/Animation/Player/AnimStarterPack/Animations/Walk_Bwd_Rifle_Ironsights.uasset" 410
"E:/UE4Projects/ProjectZ_4223/UE4_ProjectZ_422/Content/Animation/Player/AnimStarterPack/Animations/Walk_Fwd_Rifle_Ironsights.uasset" 411
"E:/UE4Projects/ProjectZ_4223/UE4_ProjectZ_422/Content/Animation/Player/AnimStarterPack/Animations/Walk_Lt_Rifle_Ironsights.uasset" 412
"E:/UE4Projects/ProjectZ_4223/UE4_ProjectZ_422/Content/Animation/Player/AnimStarterPack/Animations/Walk_Rt_Rifle_Ironsights.uasset" 413
"E:/UE4Projects/ProjectZ_4223/UE4_ProjectZ_422/Content/Animation/Player/BlendSpace/ZCharacter_Jog_Weapon_Ironsight.uasset" 414
"E:/UE4Projects/ProjectZ_4223/UE4_ProjectZ_422/Content/Animation/Player/AnimStarterPack/Animations/Crouch_Walk_Bwd_Rifle_Hip.uasset" 415
"E:/UE4Projects/ProjectZ_4223/UE4_ProjectZ_422/Content/Animation/Player/AnimStarterPack/Animations/Crouch_Walk_Fwd_Rifle_Hip.uasset" 416
"E:/UE4Projects/ProjectZ_4223/UE4_ProjectZ_422/Content/Animation/Player/AnimStarterPack/Animations/Crouch_Walk_Lt_Rifle_Hip.uasset" 417
"E:/UE4Projects/ProjectZ_4223/UE4_ProjectZ_422/Content/Animation/Player/AnimStarterPack/Animations/Crouch_Walk_Rt_Rifle_Hip.uasset" 418
"E:/UE4Projects/ProjectZ_4223/UE4_ProjectZ_422/Content/Animation/Player/BlendSpace/ZCharacter_Move_Crouch_Weapon.uasset" 419
"E:/UE4Projects/ProjectZ_4223/UE4_ProjectZ_422/Content/Animation/Player/AnimStarterPack/Animations/Crouch_Walk_Bwd_Rifle_Ironsights.uasset" 420
"E:/UE4Projects/ProjectZ_4223/UE4_ProjectZ_422/Content/Animation/Player/AnimStarterPack/Animations/Crouch_Walk_Fwd_Rifle_Ironsights.uasset" 421
"E:/UE4Projects/ProjectZ_4223/UE4_ProjectZ_422/Content/Animation/Player/AnimStarterPack/Animations/Crouch_Walk_Lt_Rifle_Ironsights.uasset" 422
"E:/UE4Projects/ProjectZ_4223/UE4_ProjectZ_422/Content/Animation/Player/AnimStarterPack/Animations/Crouch_Walk_Rt_Rifle_Ironsights.uasset" 423
"E:/UE4Projects/ProjectZ_4223/UE4_ProjectZ_422/Content/Animation/Player/BlendSpace/ZCharacter_Move_Crouch_Weapon_Ironsight.uasset" 424
"E:/UE4Projects/ProjectZ_4223/UE4_ProjectZ_422/Content/Animation/Player/AnimStarterPack/Animations/Retarget/ZCharacter_Jog_F_IPC.uasset" 425
"E:/UE4Projects/ProjectZ_4223/UE4_ProjectZ_422/Content/Animation/Player/AnimStarterPack/Animations/Retarget/ZCharacter_Run_F_IPC.uasset" 426
"E:/UE4Projects/ProjectZ_4223/UE4_ProjectZ_422/Content/Animation/Player/AnimStarterPack/Animations/Retarget/ZCharacter_Walk_F_IPC.uasset" 427
"E:/UE4Projects/ProjectZ_4223/UE4_ProjectZ_422/Content/Animation/Player/BlendSpace/ZCharacter_Jog_NoWeapon.uasset" 428
"E:/UE4Projects/ProjectZ_4223/UE4_ProjectZ_422/Content/Animation/Player/AnimStarterPack/Animations/Sprint_Fwd_Rifle.uasset" 429
"E:/UE4Projects/ProjectZ_4223/UE4_ProjectZ_422/Content/Animation/Player/BlendSpace/ZCharacter_Sprint_Weapon.uasset" 430
"E:/UE4Projects/ProjectZ_4223/UE4_ProjectZ_422/Content/Blueprint/Animation/ABP_ZPlayer.uasset" 431
"E:/UE4Projects/ProjectZ_4223/UE4_ProjectZ_422/Content/Blueprint/Widget/Player/UI_ZUserName.uasset" 432
"../../../Engine/Content/Functions/Engine_MaterialFunctions01/Gradient/LinearGradient.uasset" 433
"../../../Engine/Content/Functions/Engine_MaterialFunctions01/ImageAdjustment/BlurSampleOffsets.uasset" 434
"../../../Engine/Content/Functions/Engine_MaterialFunctions01/ImageAdjustment/CheapContrast.uasset" 435
"../../../Engine/Content/Functions/Engine_MaterialFunctions01/ImageAdjustment/HighPassTexture.uasset" 436
"../../../Engine/Content/Functions/Engine_MaterialFunctions02/3PointLevels.uasset" 437
"../../../Engine/Content/Functions/Engine_MaterialFunctions02/HueShift.uasset" 438
"../../../Engine/Content/Functions/Engine_MaterialFunctions02/SplitComponents.uasset" 439
"E:/UE4Projects/ProjectZ_4223/UE4_ProjectZ_422/Content/Character/Player/Scanned3DPeoplePack/RP_Character/00_rp_master/rp_master_placeholder/rp_master_normal.uasset" 440
"E:/UE4Projects/ProjectZ_4223/UE4_ProjectZ_422/Content/Character/Player/Scanned3DPeoplePack/RP_Character/00_rp_master/rp_master_placeholder/rp_master_texture.uasset" 441
"E:/UE4Projects/ProjectZ_4223/UE4_ProjectZ_422/Content/Character/Player/Scanned3DPeoplePack/RP_Character/00_rp_master/RP_Rigged_MasterMaterial.uasset" 442
"E:/UE4Projects/ProjectZ_4223/UE4_ProjectZ_422/Content/Character/Player/Scanned3DPeoplePack/RP_Character/Eric/Materials/T_Eric_Rigged_001_Dif.uasset" 443
"E:/UE4Projects/ProjectZ_4223/UE4_ProjectZ_422/Content/Character/Player/Scanned3DPeoplePack/RP_Character/Eric/Materials/T_Eric_Rigged_001_Gloss.uasset" 444
"E:/UE4Projects/ProjectZ_4223/UE4_ProjectZ_422/Content/Character/Player/Scanned3DPeoplePack/RP_Character/Eric/Materials/T_Eric_Rigged_001_Mask01.uasset" 445
"E:/UE4Projects/ProjectZ_4223/UE4_ProjectZ_422/Content/Character/Player/Scanned3DPeoplePack/RP_Character/Eric/Materials/T_Eric_Rigged_001_Mask02.uasset" 446
"E:/UE4Projects/ProjectZ_4223/UE4_ProjectZ_422/Content/Character/Player/Scanned3DPeoplePack/RP_Character/Eric/Materials/T_Eric_Rigged_001_Norm.uasset" 447
"E:/UE4Projects/ProjectZ_4223/UE4_ProjectZ_422/Content/Character/Player/Scanned3DPeoplePack/RP_Character/Eric/Materials/M_Eric_Rigged_001.uasset" 448
"E:/UE4Projects/ProjectZ_4223/UE4_ProjectZ_422/Content/Character/Player/Scanned3DPeoplePack/RP_Character/Eric/SK_Eric_PhysicsAsset.uasset" 449
"E:/UE4Projects/ProjectZ_4223/UE4_ProjectZ_422/Content/Character/Player/Scanned3DPeoplePack/RP_Character/Eric/SK_Eric.uasset" 450
"E:/UE4Projects/ProjectZ_4223/UE4_ProjectZ_422/Content/Effects/Textures/T_blood_various.uasset" 451
"E:/UE4Projects/ProjectZ_4223/UE4_ProjectZ_422/Content/Effects/Textures/T_blood_various_N.uasset" 452
"E:/UE4Projects/ProjectZ_4223/UE4_ProjectZ_422/Content/Effects/Materials/Gameplay/M_impact_splash_subUV.uasset" 453
"E:/UE4Projects/ProjectZ_4223/UE4_ProjectZ_422/Content/Effects/P_body_bullet_impact.uasset" 454
"E:/UE4Projects/ProjectZ_4223/UE4_ProjectZ_422/Content/Sound/Player/Player_Death_Cue.uasset" 455
"E:/UE4Projects/ProjectZ_4223/UE4_ProjectZ_422/Content/Sound/Player/Player_GetHit_Cue.uasset" 456
"E:/UE4Projects/ProjectZ_4223/UE4_ProjectZ_422/Content/Blueprint/Character/Player/BP_ZCharacter.uasset" 457
"E:/UE4Projects/ProjectZ_4223/UE4_ProjectZ_422/Content/Blueprint/Lobby/BP_ZLobbyWidget.uasset" 458
"E:/UE4Projects/ProjectZ_4223/UE4_ProjectZ_422/Content/Blueprint/Lobby/BP_LobbyPlayerController.uasset" 459
"E:/UE4Projects/ProjectZ_4223/UE4_ProjectZ_422/Content/Blueprint/Lobby/BP_ZLobbyGameState.uasset" 460
"E:/UE4Projects/ProjectZ_4223/UE4_ProjectZ_422/Content/Blueprint/Lobby/BP_LobbyGameMode.uasset" 461
"E:/UE4Projects/ProjectZ_4223/UE4_ProjectZ_422/Content/Maps/Lobby/Lobby_BuiltData.uasset" 462
"../../../Engine/Content/MapTemplates/SM_Template_Map_Floor.uasset" 463
"E:/UE4Projects/ProjectZ_4223/UE4_ProjectZ_422/Content/Maps/Lobby/Lobby.umap" 464
"E:/UE4Projects/ProjectZ_4223/UE4_ProjectZ_422/Content/Character/Zombie/NormalZombie/Mesh/SK_Zombie_Skeleton.uasset" 465
"E:/UE4Projects/ProjectZ_4223/UE4_ProjectZ_422/Content/Animation/Zombie/NormalZombie/Zombie_Reaction_Hit.uasset" 466
"E:/UE4Projects/ProjectZ_4223/UE4_ProjectZ_422/Content/Animation/Zombie/NormalZombie/Zombie_Reaction_Hit_Montage.uasset" 467
"E:/UE4Projects/ProjectZ_4223/UE4_ProjectZ_422/Content/Animation/Zombie/NormalZombie/Zombie_Attack1.uasset" 468
"E:/UE4Projects/ProjectZ_4223/UE4_ProjectZ_422/Content/Animation/Zombie/NormalZombie/Zombie_Dying.uasset" 469
"E:/UE4Projects/ProjectZ_4223/UE4_ProjectZ_422/Content/Animation/Zombie/NormalZombie/Zombie_Running.uasset" 470
"E:/UE4Projects/ProjectZ_4223/UE4_ProjectZ_422/Content/Animation/Zombie/NormalZombie/Zombie_Idle1.uasset" 471
"E:/UE4Projects/ProjectZ_4223/UE4_ProjectZ_422/Content/Animation/Zombie/NormalZombie/BS_Move.uasset" 472
"E:/UE4Projects/ProjectZ_4223/UE4_ProjectZ_422/Content/Blueprint/Animation/ABP_ZZombie.uasset" 473
"E:/UE4Projects/ProjectZ_4223/UE4_ProjectZ_422/Content/AI/Zombie/BB_ZZomble.uasset" 474
"E:/UE4Projects/ProjectZ_4223/UE4_ProjectZ_422/Content/AI/Zombie/Tanker/IsOwnerActive.uasset" 475
"E:/UE4Projects/ProjectZ_4223/UE4_ProjectZ_422/Content/AI/Zombie/NormalZombie/BT_ZZombie2.uasset" 476
"E:/UE4Projects/ProjectZ_4223/UE4_ProjectZ_422/Content/Blueprint/Character/Zombie/AI/BP_ZZombieAIController.uasset" 477
"E:/UE4Projects/ProjectZ_4223/UE4_ProjectZ_422/Content/Character/Zombie/NormalZombie/Texture/T_Police_Zombie_diffuse.uasset" 478
"E:/UE4Projects/ProjectZ_4223/UE4_ProjectZ_422/Content/Character/Zombie/NormalZombie/Texture/T_Police_Zombie_normal.uasset" 479
"E:/UE4Projects/ProjectZ_4223/UE4_ProjectZ_422/Content/Character/Zombie/NormalZombie/Texture/T_Police_Zombie_specular.uasset" 480
"E:/UE4Projects/ProjectZ_4223/UE4_ProjectZ_422/Content/Character/Zombie/NormalZombie/Material/M_Zombie_Body.uasset" 481
"E:/UE4Projects/ProjectZ_4223/UE4_ProjectZ_422/Content/Character/Zombie/NormalZombie/Material/M_Zombie_Face.uasset" 482
"E:/UE4Projects/ProjectZ_4223/UE4_ProjectZ_422/Content/Character/Zombie/NormalZombie/Mesh/Zombie_PhysicsAsset.uasset" 483
"E:/UE4Projects/ProjectZ_4223/UE4_ProjectZ_422/Content/Character/Zombie/NormalZombie/Mesh/SK_Zombie.uasset" 484
"E:/UE4Projects/ProjectZ_4223/UE4_ProjectZ_422/Content/Sound/Enemy/Zombie/Zombie_Vox_Attack_Cue.uasset" 485
"E:/UE4Projects/ProjectZ_4223/UE4_ProjectZ_422/Content/Sound/Enemy/Zombie/Zombie_Vox_Death_Cue.uasset" 486
"E:/UE4Projects/ProjectZ_4223/UE4_ProjectZ_422/Content/Sound/Enemy/Zombie/Zombie_Vox_Detect_Cue.uasset" 487
"E:/UE4Projects/ProjectZ_4223/UE4_ProjectZ_422/Content/Blueprint/Character/Zombie/BP_ZZombie.uasset" 488
"E:/UE4Projects/ProjectZ_4223/UE4_ProjectZ_422/Content/Blueprint/Game/BP_ZEnemySpawner.uasset" 489
"E:/UE4Projects/ProjectZ_4223/UE4_ProjectZ_422/Content/Character/Zombie/Bomber/Mesh/SK_Bomber_Skeleton.uasset" 490
"E:/UE4Projects/ProjectZ_4223/UE4_ProjectZ_422/Content/Animation/Zombie/Bomber/Bomber_Dying.uasset" 491
"E:/UE4Projects/ProjectZ_4223/UE4_ProjectZ_422/Content/Animation/Zombie/Bomber/Bomber_Idle2.uasset" 492
"E:/UE4Projects/ProjectZ_4223/UE4_ProjectZ_422/Content/Animation/Zombie/Bomber/Bomber_Running.uasset" 493
"E:/UE4Projects/ProjectZ_4223/UE4_ProjectZ_422/Content/Animation/Zombie/Bomber/BS_Bomber_Move.uasset" 494
"E:/UE4Projects/ProjectZ_4223/UE4_ProjectZ_422/Content/Blueprint/Animation/ABP_ZBomber.uasset" 495
"E:/UE4Projects/ProjectZ_4223/UE4_ProjectZ_422/Content/AI/Zombie/Bomber/BT_ZBomber.uasset" 496
"E:/UE4Projects/ProjectZ_4223/UE4_ProjectZ_422/Content/Character/Zombie/Bomber/Texture/T_Bomber_Diffuse.uasset" 497
"E:/UE4Projects/ProjectZ_4223/UE4_ProjectZ_422/Content/Character/Zombie/Bomber/Texture/T_Bomber_Normal.uasset" 498
"E:/UE4Projects/ProjectZ_4223/UE4_ProjectZ_422/Content/Character/Zombie/Bomber/Texture/T_Bomber_Specular.uasset" 499
"E:/UE4Projects/ProjectZ_4223/UE4_ProjectZ_422/Content/Character/Zombie/Bomber/Material/M_Bomber_Body.uasset" 500
"E:/UE4Projects/ProjectZ_4223/UE4_ProjectZ_422/Content/Character/Zombie/Bomber/Material/M_Bomber_Glass_Hair.uasset" 501
"E:/UE4Projects/ProjectZ_4223/UE4_ProjectZ_422/Content/Character/Zombie/Bomber/Material/M_Bomber_Glass_Hair_ncl1_1.uasset" 502
"E:/UE4Projects/ProjectZ_4223/UE4_ProjectZ_422/Content/Character/Zombie/Bomber/Mesh/SK_Bomber_PhysicsAsset.uasset" 503
"E:/UE4Projects/ProjectZ_4223/UE4_ProjectZ_422/Content/Character/Zombie/Bomber/Mesh/SK_Bomber.uasset" 504
"E:/UE4Projects/ProjectZ_4223/UE4_ProjectZ_422/Content/Effects/P_BloodEffect.uasset" 505
"E:/UE4Projects/ProjectZ_4223/UE4_ProjectZ_422/Content/Effects/Textures/T_Burst_M.uasset" 506
"E:/UE4Projects/ProjectZ_4223/UE4_ProjectZ_422/Content/Effects/Materials/M_Burst.uasset" 507
"E:/UE4Projects/ProjectZ_4223/UE4_ProjectZ_422/Content/Effects/Textures/T_explo_SubUV.uasset" 508
"E:/UE4Projects/ProjectZ_4223/UE4_ProjectZ_422/Content/Effects/Materials/M_explosion_subUV.uasset" 509
"E:/UE4Projects/ProjectZ_4223/UE4_ProjectZ_422/Content/Effects/Materials/m_flare_01.uasset" 510
"../../../Engine/Content/Functions/Engine_MaterialFunctions01/Gradient/RadialGradient.uasset" 511
"E:/UE4Projects/ProjectZ_4223/UE4_ProjectZ_422/Content/Effects/Materials/M_radial_ramp.uasset" 512
"E:/UE4Projects/ProjectZ_4223/UE4_ProjectZ_422/Content/Effects/Textures/T_Smoke_Tiled_D.uasset" 513
"E:/UE4Projects/ProjectZ_4223/UE4_ProjectZ_422/Content/Effects/Textures/T_SmokeSubUV_8X8.uasset" 514
"E:/UE4Projects/ProjectZ_4223/UE4_ProjectZ_422/Content/Effects/Materials/M_smoke_subUV.uasset" 515
"E:/UE4Projects/ProjectZ_4223/UE4_ProjectZ_422/Content/Effects/P_Explosion_Small.uasset" 516
"E:/UE4Projects/ProjectZ_4223/UE4_ProjectZ_422/Content/Sound/Audio/Explosion_Cue.uasset" 517
"E:/UE4Projects/ProjectZ_4223/UE4_ProjectZ_422/Content/Blueprint/Character/Zombie/BP_ZBomber.uasset" 518
"E:/UE4Projects/ProjectZ_4223/UE4_ProjectZ_422/Content/Character/Zombie/Tanker/Mesh/Tanker_Skeleton.uasset" 519
"E:/UE4Projects/ProjectZ_4223/UE4_ProjectZ_422/Content/Sound/Enemy/Tanker/Monster_roar_short.uasset" 520
"E:/UE4Projects/ProjectZ_4223/UE4_ProjectZ_422/Content/Sound/Enemy/Tanker/Cue_Monter_roar.uasset" 521
"E:/UE4Projects/ProjectZ_4223/UE4_ProjectZ_422/Content/Animation/Zombie/Tanker2/Tanker_Scream.uasset" 522
"E:/UE4Projects/ProjectZ_4223/UE4_ProjectZ_422/Content/Animation/Zombie/Tanker2/Tanker_Scream_Montage.uasset" 523
"E:/UE4Projects/ProjectZ_4223/UE4_ProjectZ_422/Content/Animation/Zombie/Tanker2/Tanker_Attack4.uasset" 524
"E:/UE4Projects/ProjectZ_4223/UE4_ProjectZ_422/Content/Animation/Zombie/Tanker2/Tanker_Death.uasset" 525
"E:/UE4Projects/ProjectZ_4223/UE4_ProjectZ_422/Content/Animation/Zombie/Tanker2/Tanker_Idle.uasset" 526
"E:/UE4Projects/ProjectZ_4223/UE4_ProjectZ_422/Content/Sound/Enemy/Tanker/Monster_footstep_giant1.uasset" 527
"E:/UE4Projects/ProjectZ_4223/UE4_ProjectZ_422/Content/Sound/Enemy/Tanker/Cue_Monster_footstep_giant.uasset" 528
"E:/UE4Projects/ProjectZ_4223/UE4_ProjectZ_422/Content/Animation/Zombie/Tanker2/Tanker_Run.uasset" 529
"E:/UE4Projects/ProjectZ_4223/UE4_ProjectZ_422/Content/Animation/Zombie/Tanker2/BS_Move.uasset" 530
"E:/UE4Projects/ProjectZ_4223/UE4_ProjectZ_422/Content/Blueprint/Animation/ABP_ZTanker.uasset" 531
"E:/UE4Projects/ProjectZ_4223/UE4_ProjectZ_422/Content/AI/Zombie/Tanker/BT_Tanker.uasset" 532
"E:/UE4Projects/ProjectZ_4223/UE4_ProjectZ_422/Content/Character/Zombie/Tanker/Texture/T_Tanker_Diffuse.uasset" 533
"E:/UE4Projects/ProjectZ_4223/UE4_ProjectZ_422/Content/Character/Zombie/Tanker/Texture/T_Tanker_Normal.uasset" 534
"E:/UE4Projects/ProjectZ_4223/UE4_ProjectZ_422/Content/Character/Zombie/Tanker/Material/M_Tanker.uasset" 535
"E:/UE4Projects/ProjectZ_4223/UE4_ProjectZ_422/Content/Character/Zombie/Tanker/Mesh/SK_Tanker_PhysicsAsset.uasset" 536
"E:/UE4Projects/ProjectZ_4223/UE4_ProjectZ_422/Content/Character/Zombie/Tanker/Mesh/SK_Tanker.uasset" 537
"E:/UE4Projects/ProjectZ_4223/UE4_ProjectZ_422/Content/Sound/Enemy/Tanker/Zombie_long_death.uasset" 538
"E:/UE4Projects/ProjectZ_4223/UE4_ProjectZ_422/Content/Blueprint/Character/Zombie/BP_ZTanker.uasset" 539
"E:/UE4Projects/ProjectZ_4223/UE4_ProjectZ_422/Content/GameData/Data/ItemIconData.uasset" 540
"E:/UE4Projects/ProjectZ_4223/UE4_ProjectZ_422/Content/GameData/ItemImage/Icon/T_Icon_M4A1.uasset" 541
"E:/UE4Projects/ProjectZ_4223/UE4_ProjectZ_422/Content/Blueprint/Widget/Player/UI_CurrentWeaponInfo.uasset" 542
"E:/UE4Projects/ProjectZ_4223/UE4_ProjectZ_422/Content/Blueprint/Widget/Player/UI_EndGame.uasset" 543
"E:/UE4Projects/ProjectZ_4223/UE4_ProjectZ_422/Content/Blueprint/Widget/Player/UI_HPBar.uasset" 544
"E:/UE4Projects/ProjectZ_4223/UE4_ProjectZ_422/Content/Blueprint/Widget/Player/UI_InputNumber.uasset" 545
"E:/UE4Projects/ProjectZ_4223/UE4_ProjectZ_422/Content/Blueprint/Widget/Player/UI_InventoryItem.uasset" 546
"E:/UE4Projects/ProjectZ_4223/UE4_ProjectZ_422/Content/GameData/ItemImage/Weapon/T_AK-47_512x256.uasset" 547
"E:/UE4Projects/ProjectZ_4223/UE4_ProjectZ_422/Content/Blueprint/Widget/Player/UI_WeaponInfo.uasset" 548
"E:/UE4Projects/ProjectZ_4223/UE4_ProjectZ_422/Content/Blueprint/Widget/Player/UI_WeaponInventory.uasset" 549
"E:/UE4Projects/ProjectZ_4223/UE4_ProjectZ_422/Content/Blueprint/Widget/Player/UI_Inventory.uasset" 550
"E:/UE4Projects/ProjectZ_4223/UE4_ProjectZ_422/Content/Blueprint/Widget/Shop/UI_ItemTooltip.uasset" 551
"E:/UE4Projects/ProjectZ_4223/UE4_ProjectZ_422/Content/Blueprint/Widget/Shop/UI_ShopItemBuy.uasset" 552
"E:/UE4Projects/ProjectZ_4223/UE4_ProjectZ_422/Content/Blueprint/Widget/Shop/UI_Shop_Buy.uasset" 553
"E:/UE4Projects/ProjectZ_4223/UE4_ProjectZ_422/Content/Blueprint/Widget/Shop/UI_ShopItemSell.uasset" 554
"E:/UE4Projects/ProjectZ_4223/UE4_ProjectZ_422/Content/Blueprint/Widget/Shop/UI_Shop_Sell.uasset" 555
"E:/UE4Projects/ProjectZ_4223/UE4_ProjectZ_422/Content/Blueprint/Widget/Shop/UI_Shop.uasset" 556
"E:/UE4Projects/ProjectZ_4223/UE4_ProjectZ_422/Content/Blueprint/Widget/UI_ZInGameMenu.uasset" 557
"E:/UE4Projects/ProjectZ_4223/UE4_ProjectZ_422/Content/Crosshair_fps_tutorial/crosshair.uasset" 558
"E:/UE4Projects/ProjectZ_4223/UE4_ProjectZ_422/Content/Sound/Alert_siren.uasset" 559
"E:/UE4Projects/ProjectZ_4223/UE4_ProjectZ_422/Content/UI/Texture/T_Blood_Splatter.uasset" 560
"E:/UE4Projects/ProjectZ_4223/UE4_ProjectZ_422/Content/Blueprint/Widget/UI_HUD.uasset" 561
"E:/UE4Projects/ProjectZ_4223/UE4_ProjectZ_422/Content/Blueprint/Character/Player/BP_ZPlayerController.uasset" 562
"E:/UE4Projects/ProjectZ_4223/UE4_ProjectZ_422/Content/Animation/Player/AnimStarterPack/Animations/Fire_Rifle_Hip.uasset" 563
"E:/UE4Projects/ProjectZ_4223/UE4_ProjectZ_422/Content/Animation/Player/AnimStarterPack/Animations/Montage/Fire_Rifle_Hip_Montage.uasset" 564
"E:/UE4Projects/ProjectZ_4223/UE4_ProjectZ_422/Content/Animation/Player/AnimStarterPack/Animations/Fire_Rifle_Ironsights.uasset" 565
"E:/UE4Projects/ProjectZ_4223/UE4_ProjectZ_422/Content/Animation/Player/AnimStarterPack/Animations/Montage/Fire_Rifle_Ironsights_Montage.uasset" 566
"E:/UE4Projects/ProjectZ_4223/UE4_ProjectZ_422/Content/Animation/Player/AnimStarterPack/Animations/Reload_Rifle_Hip.uasset" 567
"E:/UE4Projects/ProjectZ_4223/UE4_ProjectZ_422/Content/Sound/Weapons/Gun_Reload1.uasset" 568
"E:/UE4Projects/ProjectZ_4223/UE4_ProjectZ_422/Content/Sound/Weapons/Gun_Reload2.uasset" 569
"E:/UE4Projects/ProjectZ_4223/UE4_ProjectZ_422/Content/Animation/Player/AnimStarterPack/Animations/Montage/Reload_Rifle_Hip_Montage.uasset" 570
"E:/UE4Projects/ProjectZ_4223/UE4_ProjectZ_422/Content/Blueprint/BP_GunCameraShake.uasset" 571
"E:/UE4Projects/ProjectZ_4223/UE4_ProjectZ_422/Content/Effects/Decal/Decal.uasset" 572
"E:/UE4Projects/ProjectZ_4223/UE4_ProjectZ_422/Content/Effects/Decal/M_BulletDecal.uasset" 573
"E:/UE4Projects/ProjectZ_4223/UE4_ProjectZ_422/Content/Effects/Decal/M_BulletDecal_Inst.uasset" 574
"E:/UE4Projects/ProjectZ_4223/UE4_ProjectZ_422/Content/Effects/Textures/LensFlare/Flare_02.uasset" 575
"E:/UE4Projects/ProjectZ_4223/UE4_ProjectZ_422/Content/Effects/Materials/LensFlare/M_LensFlare_02.uasset" 576
"E:/UE4Projects/ProjectZ_4223/UE4_ProjectZ_422/Content/Effects/Materials/Ramp/M_radial_ramp_soft.uasset" 577
"E:/UE4Projects/ProjectZ_4223/UE4_ProjectZ_422/Content/Effects/Textures/Smoke/T_Clouds_01.uasset" 578
"E:/UE4Projects/ProjectZ_4223/UE4_ProjectZ_422/Content/Effects/Textures/Smoke/T_SmokeBall_01_8_8.uasset" 579
"E:/UE4Projects/ProjectZ_4223/UE4_ProjectZ_422/Content/Effects/Materials/Smoke/M_ImpactSmoke.uasset" 580
"E:/UE4Projects/ProjectZ_4223/UE4_ProjectZ_422/Content/Effects/Textures/Water/T_Steam_02_Packed.uasset" 581
"E:/UE4Projects/ProjectZ_4223/UE4_ProjectZ_422/Content/Effects/Materials/Smoke/M_MuzzleSmokeDetail_GPU.uasset" 582
"E:/UE4Projects/ProjectZ_4223/UE4_ProjectZ_422/Content/Effects/Textures/Spark/T_SparkCore_2X2.uasset" 583
"E:/UE4Projects/ProjectZ_4223/UE4_ProjectZ_422/Content/Effects/materials/spark/M_spark_subUV.uasset" 584
"E:/UE4Projects/ProjectZ_4223/UE4_ProjectZ_422/Content/Effects/P_HitEffect.uasset" 585
"E:/UE4Projects/ProjectZ_4223/UE4_ProjectZ_422/Content/Weapon/FPS_Weapon_Bundle/Weapons/Meshes/Ammunition/SM_Shell_556x45.uasset" 586
"E:/UE4Projects/ProjectZ_4223/UE4_ProjectZ_422/Content/Blueprint/Game/Interactional/Item/BP_ZBulletProjectile.uasset" 587
"E:/UE4Projects/ProjectZ_4223/UE4_ProjectZ_422/Content/Effects/Textures/LensFlare/T_Lensflare_01.uasset" 588
"E:/UE4Projects/ProjectZ_4223/UE4_ProjectZ_422/Content/Effects/Materials/LensFlare/M_Lensflare_01.uasset" 589
"E:/UE4Projects/ProjectZ_4223/UE4_ProjectZ_422/Content/Effects/Materials/Ramp/M_SoftGradient_Muzzle.uasset" 590
"E:/UE4Projects/ProjectZ_4223/UE4_ProjectZ_422/Content/Effects/Materials/Smoke/M_SmokeBall.uasset" 591
"E:/UE4Projects/ProjectZ_4223/UE4_ProjectZ_422/Content/Effects/Textures/Weapon/T_muzzle_flashes.uasset" 592
"E:/UE4Projects/ProjectZ_4223/UE4_ProjectZ_422/Content/Effects/Materials/Weapon/M_muzzle_flash_subUV.uasset" 593
"E:/UE4Projects/ProjectZ_4223/UE4_ProjectZ_422/Content/Effects/Textures/Mask/T_SquareMaskTightEdge.uasset" 594
"E:/UE4Projects/ProjectZ_4223/UE4_ProjectZ_422/Content/Effects/Textures/Noise/T_TileNoise.uasset" 595
"E:/UE4Projects/ProjectZ_4223/UE4_ProjectZ_422/Content/Effects/Materials/Weapon/M_MuzzleGlow.uasset" 596
"E:/UE4Projects/ProjectZ_4223/UE4_ProjectZ_422/Content/Effects/Meshes/Weapon/SM_MuzzleCone.uasset" 597
"E:/UE4Projects/ProjectZ_4223/UE4_ProjectZ_422/Content/Effects/P_AssaultRifle_MF.uasset" 598
"E:/UE4Projects/ProjectZ_4223/UE4_ProjectZ_422/Content/Effects/Textures/Ramp/T_FX_CameraDistort.uasset" 599
"E:/UE4Projects/ProjectZ_4223/UE4_ProjectZ_422/Content/Effects/Textures/Ramp/T_FX_ColorDistort.uasset" 600
"E:/UE4Projects/ProjectZ_4223/UE4_ProjectZ_422/Content/Effects/Textures/Water/T_Caustics_2.uasset" 601
"E:/UE4Projects/ProjectZ_4223/UE4_ProjectZ_422/Content/Effects/Materials/Weapon/M_WP_Linkgun_Connection.uasset" 602
"E:/UE4Projects/ProjectZ_4223/UE4_ProjectZ_422/Content/Effects/Textures/Energy/T_EFX_Beam_Electricity_02.uasset" 603
"E:/UE4Projects/ProjectZ_4223/UE4_ProjectZ_422/Content/Effects/Materials/Weapon/M_WP_ShockRifle_Panning_Beam.uasset" 604
"E:/UE4Projects/ProjectZ_4223/UE4_ProjectZ_422/Content/Effects/P_AssaultRifle_Trail.uasset" 605
"E:/UE4Projects/ProjectZ_4223/UE4_ProjectZ_422/Content/Sound/Weapons/Gun_Empty.uasset" 606
"E:/UE4Projects/ProjectZ_4223/UE4_ProjectZ_422/Content/Sound/Weapons/M4A1/M4A1_Shot.uasset" 607
"E:/UE4Projects/ProjectZ_4223/UE4_ProjectZ_422/Content/Blueprint/Game/Interactional/Item/BP_ZAR.uasset" 608
"E:/UE4Projects/ProjectZ_4223/UE4_ProjectZ_422/Content/Animation/Player/AnimStarterPack/Animations/Grenade_Throw.uasset" 609
"E:/UE4Projects/ProjectZ_4223/UE4_ProjectZ_422/Content/Animation/Player/AnimStarterPack/Animations/Montage/Grenade_Throw_Montage.uasset" 610
"E:/UE4Projects/ProjectZ_4223/UE4_ProjectZ_422/Content/Effects/P_Explosion_Large.uasset" 611
"E:/UE4Projects/ProjectZ_4223/UE4_ProjectZ_422/Content/Weapon/FPS_Weapon_Bundle/Weapons/Meshes/G67_Grenade/PM_Grenade.uasset" 612
"E:/UE4Projects/ProjectZ_4223/UE4_ProjectZ_422/Content/Weapon/FPS_Weapon_Bundle/Weapons/Meshes/G67_Grenade/SM_G67_Thrown.uasset" 613
"E:/UE4Projects/ProjectZ_4223/UE4_ProjectZ_422/Content/Blueprint/Game/Interactional/Item/BP_ZGrenadeProjectile.uasset" 614
"E:/UE4Projects/ProjectZ_4223/UE4_ProjectZ_422/Content/Blueprint/Game/Interactional/Item/BP_ZGrenade.uasset" 615
"E:/UE4Projects/ProjectZ_4223/UE4_ProjectZ_422/Content/Blueprint/Game/Interactional/Item/BP_ZRecovery.uasset" 616
"E:/UE4Projects/ProjectZ_4223/UE4_ProjectZ_422/Content/Animation/Player/AnimStarterPack/Animations/Fire_Shotgun_Hip.uasset" 617
"E:/UE4Projects/ProjectZ_4223/UE4_ProjectZ_422/Content/Animation/Player/AnimStarterPack/Animations/Montage/Fire_Shotgun_Hip_Montage.uasset" 618
"E:/UE4Projects/ProjectZ_4223/UE4_ProjectZ_422/Content/Animation/Player/AnimStarterPack/Animations/Fire_Shotgun_Ironsights.uasset" 619
"E:/UE4Projects/ProjectZ_4223/UE4_ProjectZ_422/Content/Animation/Player/AnimStarterPack/Animations/Montage/Fire_Shotgun_Ironsights_Montage.uasset" 620
"E:/UE4Projects/ProjectZ_4223/UE4_ProjectZ_422/Content/Animation/Player/AnimStarterPack/Animations/Reload_Shotgun_Hip.uasset" 621
"E:/UE4Projects/ProjectZ_4223/UE4_ProjectZ_422/Content/Animation/Player/AnimStarterPack/Animations/Montage/Reload_Shotgun_Hip_Montage.uasset" 622
"E:/UE4Projects/ProjectZ_4223/UE4_ProjectZ_422/Content/Sound/Weapons/Shotgun/Shotgun_Fire.uasset" 623
"E:/UE4Projects/ProjectZ_4223/UE4_ProjectZ_422/Content/Blueprint/Game/Interactional/Item/BP_ZShotgun.uasset" 624
"E:/UE4Projects/ProjectZ_4223/UE4_ProjectZ_422/Content/Blueprint/Game/Interactional/Shop/BP_ZShop.uasset" 625
"E:/UE4Projects/ProjectZ_4223/UE4_ProjectZ_422/Content/Blueprint/Game/BP_ZGameMode.uasset" 626
"E:/UE4Projects/ProjectZ_4223/UE4_ProjectZ_422/Content/Character/Player/Scanned3DPeoplePack/RP_Character/Sophia/SK_Sophia_Skeleton.uasset" 627
"E:/UE4Projects/ProjectZ_4223/UE4_ProjectZ_422/Content/Character/Player/Scanned3DPeoplePack/RP_Character/Sophia/Sophia_Anim.uasset" 628
"E:/UE4Projects/ProjectZ_4223/UE4_ProjectZ_422/Content/Character/Player/Scanned3DPeoplePack/RP_Character/00_rp_master/RP_Rigged_MasterMaterial_Inst.uasset" 629
"E:/UE4Projects/ProjectZ_4223/UE4_ProjectZ_422/Content/Character/Player/Scanned3DPeoplePack/RP_Character/Sophia/Materials/T_Sophia_Animated_003_Dif.uasset" 630
"E:/UE4Projects/ProjectZ_4223/UE4_ProjectZ_422/Content/Character/Player/Scanned3DPeoplePack/RP_Character/Sophia/Materials/T_Sophia_Animated_003_Gloss.uasset" 631
"E:/UE4Projects/ProjectZ_4223/UE4_ProjectZ_422/Content/Character/Player/Scanned3DPeoplePack/RP_Character/Sophia/Materials/T_Sophia_Animated_003_Mask01.uasset" 632
"E:/UE4Projects/ProjectZ_4223/UE4_ProjectZ_422/Content/Character/Player/Scanned3DPeoplePack/RP_Character/Sophia/Materials/T_Sophia_Animated_003_Mask02.uasset" 633
"E:/UE4Projects/ProjectZ_4223/UE4_ProjectZ_422/Content/Character/Player/Scanned3DPeoplePack/RP_Character/Sophia/Materials/T_Sophia_Animated_003_Norm.uasset" 634
"E:/UE4Projects/ProjectZ_4223/UE4_ProjectZ_422/Content/Character/Player/Scanned3DPeoplePack/RP_Character/Sophia/Materials/M_Sophia_Animated_003.uasset" 635
"E:/UE4Projects/ProjectZ_4223/UE4_ProjectZ_422/Content/Character/Player/Scanned3DPeoplePack/RP_Character/Sophia/SK_Sophia_PhysicsAsset.uasset" 636
"E:/UE4Projects/ProjectZ_4223/UE4_ProjectZ_422/Content/Character/Player/Scanned3DPeoplePack/RP_Character/Sophia/SK_Sophia.uasset" 637
"E:/UE4Projects/ProjectZ_4223/UE4_ProjectZ_422/Content/Blueprint/Game/Interactional/Shop/BP_ZShopInteractional.uasset" 638
"E:/UE4Projects/ProjectZ_4223/UE4_ProjectZ_422/Content/Maps/Stage/Stage1_BuiltData.uasset" 639
"../../../Engine/Content/Functions/Engine_MaterialFunctions02/Utility/VectorLength.uasset" 640
"E:/UE4Projects/ProjectZ_4223/UE4_ProjectZ_422/Content/PostProcess/OutLiner/MF_ConvolveTexture.uasset" 641
"E:/UE4Projects/ProjectZ_4223/UE4_ProjectZ_422/Content/PostProcess/OutLiner/MF_ExtractDepth.uasset" 642
"E:/UE4Projects/ProjectZ_4223/UE4_ProjectZ_422/Content/PostProcess/OutLiner/MF_SampleSceneTextureNeighbourUVs.uasset" 643
"E:/UE4Projects/ProjectZ_4223/UE4_ProjectZ_422/Content/PostProcess/OutLiner/PP_Outliner_M.uasset" 644
"E:/UE4Projects/ProjectZ_4223/UE4_ProjectZ_422/Content/PostProcess/OutLiner/PP_Outliner_Inst.uasset" 645
"../../../Engine/Content/Functions/Engine_MaterialFunctions01/ImageAdjustment/CheapContrast_RGB.uasset" 646
"../../../Engine/Content/Functions/Engine_MaterialFunctions02/Texturing/ScreenAlignedPixelToPixelUVs.uasset" 647
"../../../Engine/Content/EngineMaterials/Good64x64TilingNoiseHighFreq.uasset" 648
"../../../Engine/Content/Functions/Engine_MaterialFunctions02/Utility/DitherTemporalAA.uasset" 649
"E:/UE4Projects/ProjectZ_4223/UE4_ProjectZ_422/Content/Envirenment/IndustryPropsPack6/Textures/BaseTextures/B_N.uasset" 650
"E:/UE4Projects/ProjectZ_4223/UE4_ProjectZ_422/Content/Envirenment/IndustryPropsPack6/Textures/BaseTextures/BB_D.uasset" 651
"E:/UE4Projects/ProjectZ_4223/UE4_ProjectZ_422/Content/Envirenment/IndustryPropsPack6/Textures/BaseTextures/BG_D.uasset" 652
"E:/UE4Projects/ProjectZ_4223/UE4_ProjectZ_422/Content/Envirenment/IndustryPropsPack6/Textures/BaseTextures/T_MASK1.uasset" 653
"E:/UE4Projects/ProjectZ_4223/UE4_ProjectZ_422/Content/Envirenment/IndustryPropsPack6/Textures/BaseTextures/T_MASK2.uasset" 654
"E:/UE4Projects/ProjectZ_4223/UE4_ProjectZ_422/Content/Envirenment/IndustryPropsPack6/Materials/BaseMaterial/M_base.uasset" 655
"E:/UE4Projects/ProjectZ_4223/UE4_ProjectZ_422/Content/Envirenment/IndustryPropsPack6/Textures/T_Barrel01_D.uasset" 656
"E:/UE4Projects/ProjectZ_4223/UE4_ProjectZ_422/Content/Envirenment/IndustryPropsPack6/Textures/T_Barrel01_N.uasset" 657
"E:/UE4Projects/ProjectZ_4223/UE4_ProjectZ_422/Content/Envirenment/IndustryPropsPack6/Textures/T_Barrel01_SRM.uasset" 658
"E:/UE4Projects/ProjectZ_4223/UE4_ProjectZ_422/Content/Envirenment/IndustryPropsPack6/Materials/MI_Barrel01_1.uasset" 659
"E:/UE4Projects/ProjectZ_4223/UE4_ProjectZ_422/Content/Envirenment/IndustryPropsPack6/Meshes/SM_Barrel02.uasset" 660
"E:/UE4Projects/ProjectZ_4223/UE4_ProjectZ_422/Content/Envirenment/IndustryPropsPack6/Textures/T_Tarp01_D.uasset" 661
"E:/UE4Projects/ProjectZ_4223/UE4_ProjectZ_422/Content/Envirenment/IndustryPropsPack6/Textures/T_Tarp01_N.uasset" 662
"E:/UE4Projects/ProjectZ_4223/UE4_ProjectZ_422/Content/Envirenment/IndustryPropsPack6/Textures/T_Tarp01_SRM.uasset" 663
"E:/UE4Projects/ProjectZ_4223/UE4_ProjectZ_422/Content/Envirenment/IndustryPropsPack6/Materials/MI_Tarp01_1.uasset" 664
"E:/UE4Projects/ProjectZ_4223/UE4_ProjectZ_422/Content/Envirenment/IndustryPropsPack6/Meshes/SM_Barrel04.uasset" 665
"E:/UE4Projects/ProjectZ_4223/UE4_ProjectZ_422/Content/Envirenment/IndustryPropsPack6/Textures/T_Box01_D.uasset" 666
"E:/UE4Projects/ProjectZ_4223/UE4_ProjectZ_422/Content/Envirenment/IndustryPropsPack6/Textures/T_Box01_N.uasset" 667
"E:/UE4Projects/ProjectZ_4223/UE4_ProjectZ_422/Content/Envirenment/IndustryPropsPack6/Textures/T_Box01_SRM.uasset" 668
"E:/UE4Projects/ProjectZ_4223/UE4_ProjectZ_422/Content/Envirenment/IndustryPropsPack6/Materials/MI_Box01_2.uasset" 669
"E:/UE4Projects/ProjectZ_4223/UE4_ProjectZ_422/Content/Envirenment/IndustryPropsPack6/Meshes/SM_Box01.uasset" 670
"E:/UE4Projects/ProjectZ_4223/UE4_ProjectZ_422/Content/Envirenment/IndustryPropsPack6/Meshes/SM_Box03.uasset" 671
"E:/UE4Projects/ProjectZ_4223/UE4_ProjectZ_422/Content/Envirenment/SM_Wall1.uasset" 672
"E:/UE4Projects/ProjectZ_4223/UE4_ProjectZ_422/Content/Envirenment/SM_Wall2.uasset" 673
"E:/UE4Projects/ProjectZ_4223/UE4_ProjectZ_422/Content/Maps/Stage/Stage1.umap" 674
"E:/UE4Projects/ProjectZ_4223/UE4_ProjectZ_422/Content/Maps/Stage/Stage1_Blocking_BuiltData.uasset" 675
"E:/UE4Projects/ProjectZ_4223/UE4_ProjectZ_422/Content/Maps/Stage/Stage1_Blocking.umap" 676
"E:/UE4Projects/ProjectZ_4223/UE4_ProjectZ_422/Content/Maps/Stage/Stage1_light_BuiltData.uasset" 677
"E:/UE4Projects/ProjectZ_4223/UE4_ProjectZ_422/Content/Maps/Stage/Stage1_light.umap" 678
"E:/UE4Projects/ProjectZ_4223/UE4_ProjectZ_422/Content/Maps/Stage/Stage1_map_BuiltData.uasset" 679
"E:/UE4Projects/ProjectZ_4223/UE4_ProjectZ_422/Content/Envirenment/IndustryPropsPack6/Meshes/SM_Barrel01.uasset" 680
"E:/UE4Projects/ProjectZ_4223/UE4_ProjectZ_422/Content/Envirenment/IndustryPropsPack6/Meshes/SM_Barrel03.uasset" 681
"E:/UE4Projects/ProjectZ_4223/UE4_ProjectZ_422/Content/Envirenment/SM_Shop.uasset" 682
"E:/UE4Projects/ProjectZ_4223/UE4_ProjectZ_422/Content/Maps/Stage/Stage1_map.umap" 683
"E:/UE4Projects/ProjectZ_4223/UE4_ProjectZ_422/Content/Blueprint/Game/BP_ZTestMode.uasset" 684
"E:/UE4Projects/ProjectZ_4223/UE4_ProjectZ_422/Content/Maps/Test/NetTest_BuiltData.uasset" 685
"../../../Engine/Content/BasicShapes/BasicShapeMaterial.uasset" 686
"../../../Engine/Content/BasicShapes/Cube.uasset" 687
"E:/UE4Projects/ProjectZ_4223/UE4_ProjectZ_422/Content/Maps/Test/NetTest.umap" 688
"E:/UE4Projects/ProjectZ_4223/UE4_ProjectZ_422/Content/Blueprint/Title/UI_ZConnectServerWidget.uasset" 689
"E:/UE4Projects/ProjectZ_4223/UE4_ProjectZ_422/Content/Blueprint/Title/UI_ZInputIDWidget.uasset" 690
"E:/UE4Projects/ProjectZ_4223/UE4_ProjectZ_422/Content/Blueprint/Title/UI_ZMakeGame.uasset" 691
"E:/UE4Projects/ProjectZ_4223/UE4_ProjectZ_422/Content/Blueprint/Title/UI_ZSessionListItem.uasset" 692
"E:/UE4Projects/ProjectZ_4223/UE4_ProjectZ_422/Content/Blueprint/Title/UI_ZSessionList.uasset" 693
"../../../Engine/Content/EngineSounds/Master.uasset" 694
"E:/UE4Projects/ProjectZ_4223/UE4_ProjectZ_422/Content/Blueprint/Widget/Menu/UI_ZOption.uasset" 695
"E:/UE4Projects/ProjectZ_4223/UE4_ProjectZ_422/Content/UI/Texture/T_ProjectZ_Main_blood2.uasset" 696
"E:/UE4Projects/ProjectZ_4223/UE4_ProjectZ_422/Content/Blueprint/Title/UI_ZTitleWidget.uasset" 697
"E:/UE4Projects/ProjectZ_4223/UE4_ProjectZ_422/Content/Blueprint/Title/BP_ZTitlePlayerController.uasset" 698
"E:/UE4Projects/ProjectZ_4223/UE4_ProjectZ_422/Content/Blueprint/Title/BP_ZTitleGameMode.uasset" 699
"E:/UE4Projects/ProjectZ_4223/UE4_ProjectZ_422/Content/Maps/Title/StartMenu_BuiltData.uasset" 700
"E:/UE4Projects/ProjectZ_4223/UE4_ProjectZ_422/Content/Maps/Title/StartMenu.umap" 701
